2022-11-27 14:03:01,826 INFO o.a.j.u.JMeterUtils: Setting Locale to en_EN
2022-11-27 14:03:01,856 INFO o.a.j.JMeter: Loading user properties from: /opt/jmeter/bin/user.properties
2022-11-27 14:03:01,856 INFO o.a.j.JMeter: Loading system properties from: /opt/jmeter/bin/system.properties
2022-11-27 14:03:01,862 INFO o.a.j.JMeter: Copyright (c) 1998-2022 The Apache Software Foundation
2022-11-27 14:03:01,862 INFO o.a.j.JMeter: Version 5.5
2022-11-27 14:03:01,862 INFO o.a.j.JMeter: java.version=11.0.17
2022-11-27 14:03:01,863 INFO o.a.j.JMeter: java.vm.name=OpenJDK 64-Bit Server VM
2022-11-27 14:03:01,863 INFO o.a.j.JMeter: os.name=Linux
2022-11-27 14:03:01,863 INFO o.a.j.JMeter: os.arch=amd64
2022-11-27 14:03:01,863 INFO o.a.j.JMeter: os.version=5.15.0-1023-aws
2022-11-27 14:03:01,863 INFO o.a.j.JMeter: file.encoding=UTF-8
2022-11-27 14:03:01,863 INFO o.a.j.JMeter: java.awt.headless=true
2022-11-27 14:03:01,863 INFO o.a.j.JMeter: Max memory     =32212254720
2022-11-27 14:03:01,863 INFO o.a.j.JMeter: Available Processors =4
2022-11-27 14:03:01,872 INFO o.a.j.JMeter: Default Locale=English (EN)
2022-11-27 14:03:01,872 INFO o.a.j.JMeter: JMeter  Locale=English (EN)
2022-11-27 14:03:01,873 INFO o.a.j.JMeter: JMeterHome=/opt/jmeter
2022-11-27 14:03:01,873 INFO o.a.j.JMeter: user.dir  =/home/ubuntu/jmeter-test-result/5K-device-v3
2022-11-27 14:03:01,873 INFO o.a.j.JMeter: PWD       =/home/ubuntu/jmeter-test-result/5K-device-v3
2022-11-27 14:03:01,875 INFO o.a.j.JMeter: IP: 172.31.34.117 Name: ip-172-31-34-117 FullName: ip-172-31-34-117.ap-northeast-2.compute.internal
2022-11-27 14:03:01,883 INFO o.a.j.JMeter: Setting property 'jmeter.reportgenerator.outputdir' to:'/home/ubuntu/jmeter-test-result/5K-device-v3/result'
2022-11-27 14:03:01,886 INFO o.a.j.s.FileServer: Default base='/home/ubuntu/jmeter-test-result/5K-device-v3'
2022-11-27 14:03:01,887 INFO o.a.j.s.FileServer: Set new base='/home/ubuntu/jmeter-test-result/5K-device-v3'
2022-11-27 14:03:02,074 INFO o.a.j.s.SaveService: Testplan (JMX) version: 2.2. Testlog (JTL) version: 2.2
2022-11-27 14:03:02,095 INFO o.a.j.s.SaveService: Using SaveService properties version 5.0
2022-11-27 14:03:02,099 INFO o.a.j.s.SaveService: Using SaveService properties file encoding UTF-8
2022-11-27 14:03:02,103 INFO o.a.j.s.SaveService: Loading file: test).jmx
2022-11-27 14:03:02,153 INFO o.a.j.p.h.s.HTTPSamplerBase: Parser for text/html is org.apache.jmeter.protocol.http.parser.LagartoBasedHtmlParser
2022-11-27 14:03:02,154 INFO o.a.j.p.h.s.HTTPSamplerBase: Parser for application/xhtml+xml is org.apache.jmeter.protocol.http.parser.LagartoBasedHtmlParser
2022-11-27 14:03:02,154 INFO o.a.j.p.h.s.HTTPSamplerBase: Parser for application/xml is org.apache.jmeter.protocol.http.parser.LagartoBasedHtmlParser
2022-11-27 14:03:02,154 INFO o.a.j.p.h.s.HTTPSamplerBase: Parser for text/xml is org.apache.jmeter.protocol.http.parser.LagartoBasedHtmlParser
2022-11-27 14:03:02,154 INFO o.a.j.p.h.s.HTTPSamplerBase: Parser for text/vnd.wap.wml is org.apache.jmeter.protocol.http.parser.RegexpHTMLParser
2022-11-27 14:03:02,154 INFO o.a.j.p.h.s.HTTPSamplerBase: Parser for text/css is org.apache.jmeter.protocol.http.parser.CssParser
2022-11-27 14:03:02,219 INFO o.a.j.JMeter: Creating summariser <summary>
2022-11-27 14:03:02,225 INFO o.a.j.r.d.ReportGenerator: ReportGenerator will use for Parsing the separator: ','
2022-11-27 14:03:02,225 INFO o.a.j.r.d.ReportGenerator: Will generate report at end of test from  results file: 11-27-14:03:00.jtl
2022-11-27 14:03:02,225 INFO o.a.j.r.d.ReportGenerator: Reading report generator properties from: /opt/jmeter/bin/reportgenerator.properties
2022-11-27 14:03:02,225 INFO o.a.j.r.d.ReportGenerator: Merging with JMeter properties
2022-11-27 14:03:02,230 INFO o.a.j.r.c.ReportGeneratorConfiguration: Property 'jmeter.reportgenerator.temp_dir' not found, using default value 'temp' instead.
2022-11-27 14:03:02,233 INFO o.a.j.r.c.ReportGeneratorConfiguration: Property 'jmeter.reportgenerator.apdex_per_transaction' not found, using default value 'null' instead.
2022-11-27 14:03:02,233 INFO o.a.j.r.c.ReportGeneratorConfiguration: apdex_per_transaction is empty, not APDEX per transaction customization
2022-11-27 14:03:02,234 INFO o.a.j.r.c.ReportGeneratorConfiguration: Property 'jmeter.reportgenerator.sample_filter' not found, using default value 'null' instead.
2022-11-27 14:03:02,234 INFO o.a.j.r.c.ReportGeneratorConfiguration: Property 'jmeter.reportgenerator.report_title' not found, using default value 'null' instead.
2022-11-27 14:03:02,234 INFO o.a.j.r.c.ReportGeneratorConfiguration: Property 'jmeter.reportgenerator.start_date' not found, using default value 'null' instead.
2022-11-27 14:03:02,234 INFO o.a.j.r.c.ReportGeneratorConfiguration: Property 'jmeter.reportgenerator.end_date' not found, using default value 'null' instead.
2022-11-27 14:03:02,234 INFO o.a.j.r.c.ReportGeneratorConfiguration: Property 'jmeter.reportgenerator.date_format' not found, using default value 'null' instead.
2022-11-27 14:03:02,235 INFO o.a.j.r.c.ReportGeneratorConfiguration: Will use date range start date: null, end date: null
2022-11-27 14:03:02,239 INFO o.a.j.r.c.ReportGeneratorConfiguration: Property 'jmeter.reportgenerator.graph.totalTPS.exclude_controllers' not found, using default value 'false' instead.
2022-11-27 14:03:02,239 INFO o.a.j.r.c.ReportGeneratorConfiguration: Property 'jmeter.reportgenerator.graph.activeThreadsOverTime.exclude_controllers' not found, using default value 'false' instead.
2022-11-27 14:03:02,239 INFO o.a.j.r.c.ReportGeneratorConfiguration: Property 'jmeter.reportgenerator.graph.timeVsThreads.exclude_controllers' not found, using default value 'false' instead.
2022-11-27 14:03:02,239 INFO o.a.j.r.c.ReportGeneratorConfiguration: Property 'jmeter.reportgenerator.graph.responseTimeDistribution.exclude_controllers' not found, using default value 'false' instead.
2022-11-27 14:03:02,239 INFO o.a.j.r.c.ReportGeneratorConfiguration: Property 'jmeter.reportgenerator.graph.transactionsPerSecond.exclude_controllers' not found, using default value 'false' instead.
2022-11-27 14:03:02,240 INFO o.a.j.r.c.ReportGeneratorConfiguration: Property 'jmeter.reportgenerator.graph.responseTimePercentiles.exclude_controllers' not found, using default value 'false' instead.
2022-11-27 14:03:02,240 INFO o.a.j.r.c.ReportGeneratorConfiguration: Property 'jmeter.reportgenerator.graph.responseTimePercentilesOverTime.exclude_controllers' not found, using default value 'false' instead.
2022-11-27 14:03:02,240 INFO o.a.j.r.c.ReportGeneratorConfiguration: Property 'jmeter.reportgenerator.graph.responseTimesOverTime.exclude_controllers' not found, using default value 'false' instead.
2022-11-27 14:03:02,240 INFO o.a.j.r.c.ReportGeneratorConfiguration: Property 'jmeter.reportgenerator.graph.connectTimeOverTime.exclude_controllers' not found, using default value 'false' instead.
2022-11-27 14:03:02,240 INFO o.a.j.r.c.ReportGeneratorConfiguration: Property 'jmeter.reportgenerator.graph.latenciesOverTime.exclude_controllers' not found, using default value 'false' instead.
2022-11-27 14:03:02,241 INFO o.a.j.r.c.ReportGeneratorConfiguration: Property 'jmeter.reportgenerator.exporter.json.filters_only_sample_series' not found, using default value 'true' instead.
2022-11-27 14:03:02,242 INFO o.a.j.r.c.ReportGeneratorConfiguration: Property 'jmeter.reportgenerator.exporter.json.series_filter' not found, using default value '' instead.
2022-11-27 14:03:02,242 INFO o.a.j.r.c.ReportGeneratorConfiguration: Property 'jmeter.reportgenerator.exporter.json.show_controllers_only' not found, using default value 'false' instead.
2022-11-27 14:03:02,242 INFO o.a.j.r.c.ReportGeneratorConfiguration: Property 'jmeter.reportgenerator.exporter.html.filters_only_sample_series' not found, using default value 'true' instead.
2022-11-27 14:03:02,242 INFO o.a.j.r.c.ReportGeneratorConfiguration: Property 'jmeter.reportgenerator.exporter.html.series_filter' not found, using default value '' instead.
2022-11-27 14:03:02,242 INFO o.a.j.r.c.ReportGeneratorConfiguration: Property 'jmeter.reportgenerator.exporter.html.show_controllers_only' not found, using default value 'false' instead.
2022-11-27 14:03:02,253 INFO o.a.j.e.StandardJMeterEngine: Running the test!
2022-11-27 14:03:02,254 INFO o.a.j.s.SampleEvent: List of sample_variables: []
2022-11-27 14:03:02,254 INFO o.a.j.s.SampleEvent: List of sample_variables: []
2022-11-27 14:03:02,271 INFO o.a.j.e.u.CompoundVariable: Note: Function class names must contain the string: '.functions.'
2022-11-27 14:03:02,271 INFO o.a.j.e.u.CompoundVariable: Note: Function class names must not contain the string: '.gui.'
2022-11-27 14:03:02,564 INFO o.a.j.JMeter: Running test (1669557782564)
2022-11-27 14:03:02,618 INFO o.a.j.e.StandardJMeterEngine: Starting ThreadGroup: 1 : client-to-gateway-caching (POST)
2022-11-27 14:03:02,618 INFO o.a.j.e.StandardJMeterEngine: Starting 50 threads for group client-to-gateway-caching (POST).
2022-11-27 14:03:02,618 INFO o.a.j.e.StandardJMeterEngine: Thread will continue on error
2022-11-27 14:03:02,618 INFO o.a.j.t.ThreadGroup: Starting thread group... number=1 threads=50 ramp-up=1 delayedStart=false
2022-11-27 14:03:02,644 INFO o.a.j.t.JMeterThread: Thread started: client-to-gateway-caching (POST) 1-1
2022-11-27 14:03:02,660 INFO o.a.j.t.JMeterThread: Thread started: client-to-gateway-caching (POST) 1-2
2022-11-27 14:03:02,667 INFO o.a.j.p.h.s.HTTPHCAbstractImpl: Local host = ip-172-31-34-117
2022-11-27 14:03:02,673 INFO o.a.j.t.JMeterThread: Thread started: client-to-gateway-caching (POST) 1-3
2022-11-27 14:03:02,674 INFO o.a.j.p.h.s.HTTPHC4Impl: HTTP request retry count = 0
2022-11-27 14:03:02,676 INFO o.a.j.s.SampleResult: Note: Sample TimeStamps are START times
2022-11-27 14:03:02,676 INFO o.a.j.s.SampleResult: sampleresult.default.encoding is set to ISO-8859-1
2022-11-27 14:03:02,676 INFO o.a.j.s.SampleResult: sampleresult.useNanoTime=true
2022-11-27 14:03:02,676 INFO o.a.j.s.SampleResult: sampleresult.nanoThreadSleep=5000
2022-11-27 14:03:02,693 INFO o.a.j.t.JMeterThread: Thread started: client-to-gateway-caching (POST) 1-4
2022-11-27 14:03:02,712 INFO o.a.j.t.ThreadGroup: Started thread group number 1
2022-11-27 14:03:02,712 INFO o.a.j.e.StandardJMeterEngine: All thread groups have been started
2022-11-27 14:03:02,713 INFO o.a.j.t.JMeterThread: Thread started: client-to-gateway-caching (POST) 1-5
2022-11-27 14:03:02,766 INFO o.a.j.t.JMeterThread: Thread started: client-to-gateway-caching (POST) 1-6
2022-11-27 14:03:02,779 INFO o.a.j.t.JMeterThread: Thread started: client-to-gateway-caching (POST) 1-7
2022-11-27 14:03:02,796 INFO o.a.j.t.JMeterThread: Thread started: client-to-gateway-caching (POST) 1-8
2022-11-27 14:03:02,815 INFO o.a.j.t.JMeterThread: Thread started: client-to-gateway-caching (POST) 1-9
2022-11-27 14:03:02,832 INFO o.a.j.r.Summariser: summary +      1 in 00:00:00 =    3.7/s Avg:    48 Min:    48 Max:    48 Err:     0 (0.00%) Active: 9 Started: 9 Finished: 0
2022-11-27 14:03:02,833 INFO o.a.j.t.JMeterThread: Thread started: client-to-gateway-caching (POST) 1-10
2022-11-27 14:03:02,840 INFO o.a.j.u.JsseSSLManager: Using default SSL protocol: TLS
2022-11-27 14:03:02,840 INFO o.a.j.u.JsseSSLManager: SSL session context: per-thread
2022-11-27 14:03:02,852 INFO o.a.j.t.JMeterThread: Thread started: client-to-gateway-caching (POST) 1-11
2022-11-27 14:03:02,871 INFO o.a.j.t.JMeterThread: Thread started: client-to-gateway-caching (POST) 1-12
2022-11-27 14:03:02,883 INFO o.a.j.t.JMeterThread: Thread started: client-to-gateway-caching (POST) 1-13
2022-11-27 14:03:02,897 INFO o.a.j.t.JMeterThread: Thread started: client-to-gateway-caching (POST) 1-14
2022-11-27 14:03:02,917 INFO o.a.j.t.JMeterThread: Thread started: client-to-gateway-caching (POST) 1-15
2022-11-27 14:03:02,931 INFO o.a.j.t.JMeterThread: Thread started: client-to-gateway-caching (POST) 1-16
2022-11-27 14:03:02,951 INFO o.a.j.t.JMeterThread: Thread started: client-to-gateway-caching (POST) 1-17
2022-11-27 14:03:02,970 INFO o.a.j.t.JMeterThread: Thread started: client-to-gateway-caching (POST) 1-18
2022-11-27 14:03:02,990 INFO o.a.j.t.JMeterThread: Thread started: client-to-gateway-caching (POST) 1-19
2022-11-27 14:03:03,007 INFO o.a.j.t.JMeterThread: Thread started: client-to-gateway-caching (POST) 1-20
2022-11-27 14:03:03,028 INFO o.a.j.t.JMeterThread: Thread started: client-to-gateway-caching (POST) 1-21
2022-11-27 14:03:03,047 INFO o.a.j.t.JMeterThread: Thread started: client-to-gateway-caching (POST) 1-22
2022-11-27 14:03:03,069 INFO o.a.j.t.JMeterThread: Thread started: client-to-gateway-caching (POST) 1-23
2022-11-27 14:03:03,083 INFO o.a.j.t.JMeterThread: Thread started: client-to-gateway-caching (POST) 1-24
2022-11-27 14:03:03,102 INFO o.a.j.t.JMeterThread: Thread started: client-to-gateway-caching (POST) 1-25
2022-11-27 14:03:03,122 INFO o.a.j.t.JMeterThread: Thread started: client-to-gateway-caching (POST) 1-26
2022-11-27 14:03:03,142 INFO o.a.j.t.JMeterThread: Thread started: client-to-gateway-caching (POST) 1-27
2022-11-27 14:03:03,160 INFO o.a.j.t.JMeterThread: Thread started: client-to-gateway-caching (POST) 1-28
2022-11-27 14:03:03,179 INFO o.a.j.t.JMeterThread: Thread started: client-to-gateway-caching (POST) 1-29
2022-11-27 14:03:03,200 INFO o.a.j.t.JMeterThread: Thread started: client-to-gateway-caching (POST) 1-30
2022-11-27 14:03:03,220 INFO o.a.j.t.JMeterThread: Thread started: client-to-gateway-caching (POST) 1-31
2022-11-27 14:03:03,241 INFO o.a.j.t.JMeterThread: Thread started: client-to-gateway-caching (POST) 1-32
2022-11-27 14:03:03,260 INFO o.a.j.t.JMeterThread: Thread started: client-to-gateway-caching (POST) 1-33
2022-11-27 14:03:03,280 INFO o.a.j.t.JMeterThread: Thread started: client-to-gateway-caching (POST) 1-34
2022-11-27 14:03:03,300 INFO o.a.j.t.JMeterThread: Thread started: client-to-gateway-caching (POST) 1-35
2022-11-27 14:03:03,320 INFO o.a.j.t.JMeterThread: Thread started: client-to-gateway-caching (POST) 1-36
2022-11-27 14:03:03,340 INFO o.a.j.t.JMeterThread: Thread started: client-to-gateway-caching (POST) 1-37
2022-11-27 14:03:03,359 INFO o.a.j.t.JMeterThread: Thread started: client-to-gateway-caching (POST) 1-38
2022-11-27 14:03:03,380 INFO o.a.j.t.JMeterThread: Thread started: client-to-gateway-caching (POST) 1-39
2022-11-27 14:03:03,401 INFO o.a.j.t.JMeterThread: Thread started: client-to-gateway-caching (POST) 1-40
2022-11-27 14:03:03,419 INFO o.a.j.t.JMeterThread: Thread started: client-to-gateway-caching (POST) 1-41
2022-11-27 14:03:03,443 INFO o.a.j.t.JMeterThread: Thread started: client-to-gateway-caching (POST) 1-42
2022-11-27 14:03:03,465 INFO o.a.j.t.JMeterThread: Thread started: client-to-gateway-caching (POST) 1-43
2022-11-27 14:03:03,482 INFO o.a.j.t.JMeterThread: Thread started: client-to-gateway-caching (POST) 1-44
2022-11-27 14:03:03,505 INFO o.a.j.t.JMeterThread: Thread started: client-to-gateway-caching (POST) 1-45
2022-11-27 14:03:03,520 INFO o.a.j.t.JMeterThread: Thread started: client-to-gateway-caching (POST) 1-46
2022-11-27 14:03:03,547 INFO o.a.j.t.JMeterThread: Thread started: client-to-gateway-caching (POST) 1-47
2022-11-27 14:03:03,559 INFO o.a.j.t.JMeterThread: Thread started: client-to-gateway-caching (POST) 1-48
2022-11-27 14:03:03,580 INFO o.a.j.t.JMeterThread: Thread started: client-to-gateway-caching (POST) 1-49
2022-11-27 14:03:03,600 INFO o.a.j.t.JMeterThread: Thread started: client-to-gateway-caching (POST) 1-50
2022-11-27 14:03:11,677 INFO o.a.j.r.ResultCollector: Shutdown hook started
2022-11-27 14:03:11,678 INFO o.a.j.r.ResultCollector: Shutdown hook ended
