2022-11-19 07:35:38,141 INFO o.a.j.u.JMeterUtils: Setting Locale to en_EN
2022-11-19 07:35:38,168 INFO o.a.j.JMeter: Loading user properties from: /opt/jmeter/bin/user.properties
2022-11-19 07:35:38,168 INFO o.a.j.JMeter: Loading system properties from: /opt/jmeter/bin/system.properties
2022-11-19 07:35:38,175 INFO o.a.j.JMeter: Copyright (c) 1998-2022 The Apache Software Foundation
2022-11-19 07:35:38,175 INFO o.a.j.JMeter: Version 5.5
2022-11-19 07:35:38,175 INFO o.a.j.JMeter: java.version=11.0.17
2022-11-19 07:35:38,175 INFO o.a.j.JMeter: java.vm.name=OpenJDK 64-Bit Server VM
2022-11-19 07:35:38,175 INFO o.a.j.JMeter: os.name=Linux
2022-11-19 07:35:38,175 INFO o.a.j.JMeter: os.arch=amd64
2022-11-19 07:35:38,175 INFO o.a.j.JMeter: os.version=5.15.0-1022-aws
2022-11-19 07:35:38,175 INFO o.a.j.JMeter: file.encoding=UTF-8
2022-11-19 07:35:38,176 INFO o.a.j.JMeter: java.awt.headless=true
2022-11-19 07:35:38,176 INFO o.a.j.JMeter: Max memory     =4294967296
2022-11-19 07:35:38,176 INFO o.a.j.JMeter: Available Processors =2
2022-11-19 07:35:38,185 INFO o.a.j.JMeter: Default Locale=English (EN)
2022-11-19 07:35:38,185 INFO o.a.j.JMeter: JMeter  Locale=English (EN)
2022-11-19 07:35:38,185 INFO o.a.j.JMeter: JMeterHome=/opt/jmeter
2022-11-19 07:35:38,185 INFO o.a.j.JMeter: user.dir  =/home/ubuntu/jmeter-test-result/10-user-10-data-gateway-caching
2022-11-19 07:35:38,185 INFO o.a.j.JMeter: PWD       =/home/ubuntu/jmeter-test-result/10-user-10-data-gateway-caching
2022-11-19 07:35:38,187 INFO o.a.j.JMeter: IP: 172.31.38.131 Name: ip-172-31-38-131 FullName: ip-172-31-38-131.ap-northeast-2.compute.internal
2022-11-19 07:35:38,196 INFO o.a.j.JMeter: Setting property 'jmeter.reportgenerator.outputdir' to:'/home/ubuntu/jmeter-test-result/10-user-10-data-gateway-caching/result'
2022-11-19 07:35:38,199 INFO o.a.j.s.FileServer: Default base='/home/ubuntu/jmeter-test-result/10-user-10-data-gateway-caching'
2022-11-19 07:35:38,200 INFO o.a.j.s.FileServer: Set new base='/home/ubuntu/jmeter-test-result/10-user-10-data-gateway-caching'
2022-11-19 07:35:38,451 INFO o.a.j.s.SaveService: Testplan (JMX) version: 2.2. Testlog (JTL) version: 2.2
2022-11-19 07:35:38,473 INFO o.a.j.s.SaveService: Using SaveService properties version 5.0
2022-11-19 07:35:38,477 INFO o.a.j.s.SaveService: Using SaveService properties file encoding UTF-8
2022-11-19 07:35:38,481 INFO o.a.j.s.SaveService: Loading file: 10-user-10-data-gateway-caching.jmx
2022-11-19 07:35:38,533 INFO o.a.j.p.h.s.HTTPSamplerBase: Parser for text/html is org.apache.jmeter.protocol.http.parser.LagartoBasedHtmlParser
2022-11-19 07:35:38,533 INFO o.a.j.p.h.s.HTTPSamplerBase: Parser for application/xhtml+xml is org.apache.jmeter.protocol.http.parser.LagartoBasedHtmlParser
2022-11-19 07:35:38,533 INFO o.a.j.p.h.s.HTTPSamplerBase: Parser for application/xml is org.apache.jmeter.protocol.http.parser.LagartoBasedHtmlParser
2022-11-19 07:35:38,533 INFO o.a.j.p.h.s.HTTPSamplerBase: Parser for text/xml is org.apache.jmeter.protocol.http.parser.LagartoBasedHtmlParser
2022-11-19 07:35:38,534 INFO o.a.j.p.h.s.HTTPSamplerBase: Parser for text/vnd.wap.wml is org.apache.jmeter.protocol.http.parser.RegexpHTMLParser
2022-11-19 07:35:38,534 INFO o.a.j.p.h.s.HTTPSamplerBase: Parser for text/css is org.apache.jmeter.protocol.http.parser.CssParser
2022-11-19 07:35:38,572 INFO o.a.j.JMeter: Creating summariser <summary>
2022-11-19 07:35:38,578 INFO o.a.j.r.d.ReportGenerator: ReportGenerator will use for Parsing the separator: ','
2022-11-19 07:35:38,579 INFO o.a.j.r.d.ReportGenerator: Will generate report at end of test from  results file: 11-19-07:35:36.jtl
2022-11-19 07:35:38,579 INFO o.a.j.r.d.ReportGenerator: Reading report generator properties from: /opt/jmeter/bin/reportgenerator.properties
2022-11-19 07:35:38,580 INFO o.a.j.r.d.ReportGenerator: Merging with JMeter properties
2022-11-19 07:35:38,585 INFO o.a.j.r.c.ReportGeneratorConfiguration: Property 'jmeter.reportgenerator.temp_dir' not found, using default value 'temp' instead.
2022-11-19 07:35:38,588 INFO o.a.j.r.c.ReportGeneratorConfiguration: Property 'jmeter.reportgenerator.apdex_per_transaction' not found, using default value 'null' instead.
2022-11-19 07:35:38,588 INFO o.a.j.r.c.ReportGeneratorConfiguration: apdex_per_transaction is empty, not APDEX per transaction customization
2022-11-19 07:35:38,588 INFO o.a.j.r.c.ReportGeneratorConfiguration: Property 'jmeter.reportgenerator.sample_filter' not found, using default value 'null' instead.
2022-11-19 07:35:38,588 INFO o.a.j.r.c.ReportGeneratorConfiguration: Property 'jmeter.reportgenerator.report_title' not found, using default value 'null' instead.
2022-11-19 07:35:38,588 INFO o.a.j.r.c.ReportGeneratorConfiguration: Property 'jmeter.reportgenerator.start_date' not found, using default value 'null' instead.
2022-11-19 07:35:38,588 INFO o.a.j.r.c.ReportGeneratorConfiguration: Property 'jmeter.reportgenerator.end_date' not found, using default value 'null' instead.
2022-11-19 07:35:38,589 INFO o.a.j.r.c.ReportGeneratorConfiguration: Property 'jmeter.reportgenerator.date_format' not found, using default value 'null' instead.
2022-11-19 07:35:38,589 INFO o.a.j.r.c.ReportGeneratorConfiguration: Will use date range start date: null, end date: null
2022-11-19 07:35:38,593 INFO o.a.j.r.c.ReportGeneratorConfiguration: Property 'jmeter.reportgenerator.graph.totalTPS.exclude_controllers' not found, using default value 'false' instead.
2022-11-19 07:35:38,594 INFO o.a.j.r.c.ReportGeneratorConfiguration: Property 'jmeter.reportgenerator.graph.activeThreadsOverTime.exclude_controllers' not found, using default value 'false' instead.
2022-11-19 07:35:38,594 INFO o.a.j.r.c.ReportGeneratorConfiguration: Property 'jmeter.reportgenerator.graph.timeVsThreads.exclude_controllers' not found, using default value 'false' instead.
2022-11-19 07:35:38,594 INFO o.a.j.r.c.ReportGeneratorConfiguration: Property 'jmeter.reportgenerator.graph.responseTimeDistribution.exclude_controllers' not found, using default value 'false' instead.
2022-11-19 07:35:38,594 INFO o.a.j.r.c.ReportGeneratorConfiguration: Property 'jmeter.reportgenerator.graph.transactionsPerSecond.exclude_controllers' not found, using default value 'false' instead.
2022-11-19 07:35:38,594 INFO o.a.j.r.c.ReportGeneratorConfiguration: Property 'jmeter.reportgenerator.graph.responseTimePercentiles.exclude_controllers' not found, using default value 'false' instead.
2022-11-19 07:35:38,595 INFO o.a.j.r.c.ReportGeneratorConfiguration: Property 'jmeter.reportgenerator.graph.responseTimePercentilesOverTime.exclude_controllers' not found, using default value 'false' instead.
2022-11-19 07:35:38,595 INFO o.a.j.r.c.ReportGeneratorConfiguration: Property 'jmeter.reportgenerator.graph.responseTimesOverTime.exclude_controllers' not found, using default value 'false' instead.
2022-11-19 07:35:38,595 INFO o.a.j.r.c.ReportGeneratorConfiguration: Property 'jmeter.reportgenerator.graph.connectTimeOverTime.exclude_controllers' not found, using default value 'false' instead.
2022-11-19 07:35:38,595 INFO o.a.j.r.c.ReportGeneratorConfiguration: Property 'jmeter.reportgenerator.graph.latenciesOverTime.exclude_controllers' not found, using default value 'false' instead.
2022-11-19 07:35:38,596 INFO o.a.j.r.c.ReportGeneratorConfiguration: Property 'jmeter.reportgenerator.exporter.json.filters_only_sample_series' not found, using default value 'true' instead.
2022-11-19 07:35:38,596 INFO o.a.j.r.c.ReportGeneratorConfiguration: Property 'jmeter.reportgenerator.exporter.json.series_filter' not found, using default value '' instead.
2022-11-19 07:35:38,596 INFO o.a.j.r.c.ReportGeneratorConfiguration: Property 'jmeter.reportgenerator.exporter.json.show_controllers_only' not found, using default value 'false' instead.
2022-11-19 07:35:38,597 INFO o.a.j.r.c.ReportGeneratorConfiguration: Property 'jmeter.reportgenerator.exporter.html.filters_only_sample_series' not found, using default value 'true' instead.
2022-11-19 07:35:38,597 INFO o.a.j.r.c.ReportGeneratorConfiguration: Property 'jmeter.reportgenerator.exporter.html.series_filter' not found, using default value '' instead.
2022-11-19 07:35:38,597 INFO o.a.j.r.c.ReportGeneratorConfiguration: Property 'jmeter.reportgenerator.exporter.html.show_controllers_only' not found, using default value 'false' instead.
2022-11-19 07:35:38,612 INFO o.a.j.e.StandardJMeterEngine: Running the test!
2022-11-19 07:35:38,616 INFO o.a.j.s.SampleEvent: List of sample_variables: []
2022-11-19 07:35:38,617 INFO o.a.j.s.SampleEvent: List of sample_variables: []
2022-11-19 07:35:38,631 INFO o.a.j.e.u.CompoundVariable: Note: Function class names must contain the string: '.functions.'
2022-11-19 07:35:38,632 INFO o.a.j.e.u.CompoundVariable: Note: Function class names must not contain the string: '.gui.'
2022-11-19 07:35:39,051 INFO o.a.j.JMeter: Running test (1668843339051)
2022-11-19 07:35:39,099 INFO o.a.j.e.StandardJMeterEngine: Starting ThreadGroup: 1 : client-to-gateway-caching
2022-11-19 07:35:39,099 INFO o.a.j.e.StandardJMeterEngine: Starting 10 threads for group client-to-gateway-caching.
2022-11-19 07:35:39,100 INFO o.a.j.e.StandardJMeterEngine: Thread will continue on error
2022-11-19 07:35:39,100 INFO o.a.j.t.ThreadGroup: Starting thread group... number=1 threads=10 ramp-up=0 delayedStart=false
2022-11-19 07:35:39,112 INFO o.a.j.t.ThreadGroup: Started thread group number 1
2022-11-19 07:35:39,112 INFO o.a.j.e.StandardJMeterEngine: All thread groups have been started
2022-11-19 07:35:39,122 INFO o.a.j.t.JMeterThread: Thread started: client-to-gateway-caching 1-5
2022-11-19 07:35:39,123 INFO o.a.j.t.JMeterThread: Thread started: client-to-gateway-caching 1-4
2022-11-19 07:35:39,123 INFO o.a.j.t.JMeterThread: Thread started: client-to-gateway-caching 1-8
2022-11-19 07:35:39,124 INFO o.a.j.t.JMeterThread: Thread started: client-to-gateway-caching 1-1
2022-11-19 07:35:39,122 INFO o.a.j.t.JMeterThread: Thread started: client-to-gateway-caching 1-2
2022-11-19 07:35:39,123 INFO o.a.j.t.JMeterThread: Thread started: client-to-gateway-caching 1-7
2022-11-19 07:35:39,124 INFO o.a.j.t.JMeterThread: Thread started: client-to-gateway-caching 1-3
2022-11-19 07:35:39,124 INFO o.a.j.t.JMeterThread: Thread started: client-to-gateway-caching 1-6
2022-11-19 07:35:39,127 INFO o.a.j.t.JMeterThread: Thread started: client-to-gateway-caching 1-9
2022-11-19 07:35:39,127 INFO o.a.j.t.JMeterThread: Thread started: client-to-gateway-caching 1-10
2022-11-19 07:35:39,153 INFO o.a.j.p.h.s.HTTPHCAbstractImpl: Local host = ip-172-31-38-131
2022-11-19 07:35:39,162 INFO o.a.j.p.h.s.HTTPHC4Impl: HTTP request retry count = 0
2022-11-19 07:35:39,164 INFO o.a.j.s.SampleResult: Note: Sample TimeStamps are START times
2022-11-19 07:35:39,164 INFO o.a.j.s.SampleResult: sampleresult.default.encoding is set to ISO-8859-1
2022-11-19 07:35:39,164 INFO o.a.j.s.SampleResult: sampleresult.useNanoTime=true
2022-11-19 07:35:39,164 INFO o.a.j.s.SampleResult: sampleresult.nanoThreadSleep=5000
2022-11-19 07:35:40,612 INFO o.a.j.t.JMeterThread: Thread is done: client-to-gateway-caching 1-4
2022-11-19 07:35:40,612 INFO o.a.j.t.JMeterThread: Thread finished: client-to-gateway-caching 1-4
2022-11-19 07:35:40,670 INFO o.a.j.t.JMeterThread: Thread is done: client-to-gateway-caching 1-2
2022-11-19 07:35:40,670 INFO o.a.j.t.JMeterThread: Thread finished: client-to-gateway-caching 1-2
2022-11-19 07:35:40,737 INFO o.a.j.t.JMeterThread: Thread is done: client-to-gateway-caching 1-7
2022-11-19 07:35:40,737 INFO o.a.j.t.JMeterThread: Thread finished: client-to-gateway-caching 1-7
2022-11-19 07:35:41,032 INFO o.a.j.t.JMeterThread: Thread is done: client-to-gateway-caching 1-5
2022-11-19 07:35:41,032 INFO o.a.j.t.JMeterThread: Thread finished: client-to-gateway-caching 1-5
2022-11-19 07:35:41,067 INFO o.a.j.t.JMeterThread: Thread is done: client-to-gateway-caching 1-10
2022-11-19 07:35:41,067 INFO o.a.j.t.JMeterThread: Thread finished: client-to-gateway-caching 1-10
2022-11-19 07:35:41,086 INFO o.a.j.t.JMeterThread: Thread is done: client-to-gateway-caching 1-8
2022-11-19 07:35:41,086 INFO o.a.j.t.JMeterThread: Thread finished: client-to-gateway-caching 1-8
2022-11-19 07:35:41,102 INFO o.a.j.t.JMeterThread: Thread is done: client-to-gateway-caching 1-9
2022-11-19 07:35:41,102 INFO o.a.j.t.JMeterThread: Thread finished: client-to-gateway-caching 1-9
2022-11-19 07:35:41,112 INFO o.a.j.t.JMeterThread: Thread is done: client-to-gateway-caching 1-3
2022-11-19 07:35:41,113 INFO o.a.j.t.JMeterThread: Thread finished: client-to-gateway-caching 1-3
2022-11-19 07:35:41,123 INFO o.a.j.t.JMeterThread: Thread is done: client-to-gateway-caching 1-1
2022-11-19 07:35:41,123 INFO o.a.j.t.JMeterThread: Thread finished: client-to-gateway-caching 1-1
2022-11-19 07:35:41,144 INFO o.a.j.t.JMeterThread: Thread is done: client-to-gateway-caching 1-6
2022-11-19 07:35:41,144 INFO o.a.j.t.JMeterThread: Thread finished: client-to-gateway-caching 1-6
2022-11-19 07:35:41,147 INFO o.a.j.e.StandardJMeterEngine: Notifying test listeners of end of test
2022-11-19 07:35:41,148 INFO o.a.j.r.Summariser: summary =     10 in 00:00:02 =    4.8/s Avg:  1704 Min:  1342 Max:  1885 Err:     0 (0.00%)
2022-11-19 07:35:41,148 INFO o.a.j.JMeter: Generating Dashboard
2022-11-19 07:35:41,148 INFO o.a.j.r.d.ReportGenerator: Flushing result collector before report Generation
2022-11-19 07:35:41,160 INFO o.a.j.r.p.NormalizerSampleConsumer: Using format, 'ms', to parse timeStamp field
2022-11-19 07:35:41,218 INFO o.a.j.r.p.AbstractSampleConsumer: class org.apache.jmeter.report.processor.AggregateConsumer#stopProducing(): beginDate produced 0 samples
2022-11-19 07:35:41,218 INFO o.a.j.r.p.AbstractSampleConsumer: class org.apache.jmeter.report.processor.AggregateConsumer#stopProducing(): endDate produced 0 samples
2022-11-19 07:35:41,220 INFO o.a.j.r.p.AbstractSampleConsumer: class org.apache.jmeter.report.processor.ApdexSummaryConsumer#stopProducing(): apdexSummary produced 0 samples
2022-11-19 07:35:41,220 INFO o.a.j.r.p.AbstractSampleConsumer: class org.apache.jmeter.report.processor.RequestsSummaryConsumer#stopProducing(): requestsSummary produced 0 samples
2022-11-19 07:35:41,228 INFO o.a.j.r.p.AbstractSampleConsumer: class org.apache.jmeter.report.processor.StatisticsSummaryConsumer#stopProducing(): statisticsSummary produced 0 samples
2022-11-19 07:35:41,229 INFO o.a.j.r.p.AbstractSampleConsumer: class org.apache.jmeter.report.processor.Top5ErrorsBySamplerConsumer#stopProducing(): top5ErrorsBySampler produced 0 samples
2022-11-19 07:35:41,229 INFO o.a.j.r.p.AbstractSampleConsumer: class org.apache.jmeter.report.processor.ErrorsSummaryConsumer#stopProducing(): errorsSummary produced 0 samples
2022-11-19 07:35:41,229 INFO o.a.j.r.p.AbstractSampleConsumer: class org.apache.jmeter.report.processor.graph.impl.HitsPerSecondGraphConsumer#stopProducing(): hitsPerSecond produced 0 samples
2022-11-19 07:35:41,237 INFO o.a.j.r.p.AbstractSampleConsumer: class org.apache.jmeter.report.processor.graph.impl.LatencyVSRequestGraphConsumer#stopProducing(): latencyVsRequest produced 0 samples
2022-11-19 07:35:41,237 INFO o.a.j.r.p.AbstractSampleConsumer: class org.apache.jmeter.report.processor.graph.impl.SyntheticResponseTimeDistributionGraphConsumer#stopProducing(): syntheticResponseTimeDistribution produced 0 samples
2022-11-19 07:35:41,238 INFO o.a.j.r.p.AbstractSampleConsumer: class org.apache.jmeter.report.processor.graph.impl.BytesThroughputGraphConsumer#stopProducing(): bytesThroughputOverTime produced 0 samples
2022-11-19 07:35:41,238 INFO o.a.j.r.p.AbstractSampleConsumer: class org.apache.jmeter.report.processor.graph.impl.CodesPerSecondGraphConsumer#stopProducing(): codesPerSecond produced 0 samples
2022-11-19 07:35:41,241 INFO o.a.j.r.p.AbstractSampleConsumer: class org.apache.jmeter.report.processor.graph.impl.ResponseTimeVSRequestGraphConsumer#stopProducing(): responseTimeVsRequest produced 0 samples
2022-11-19 07:35:41,241 INFO o.a.j.r.p.AbstractSampleConsumer: class org.apache.jmeter.report.processor.FilterConsumer#stopProducing(): startIntervalControlerFilter produced 70 samples
2022-11-19 07:35:41,241 INFO o.a.j.r.p.AbstractSampleConsumer: class org.apache.jmeter.report.processor.graph.impl.TotalTPSGraphConsumer#stopProducing(): totalTPS produced 0 samples
2022-11-19 07:35:41,242 INFO o.a.j.r.p.AbstractSampleConsumer: class org.apache.jmeter.report.processor.graph.impl.ActiveThreadsGraphConsumer#stopProducing(): activeThreadsOverTime produced 0 samples
2022-11-19 07:35:41,242 INFO o.a.j.r.p.AbstractSampleConsumer: class org.apache.jmeter.report.processor.graph.impl.TimeVSThreadGraphConsumer#stopProducing(): timeVsThreads produced 0 samples
2022-11-19 07:35:41,242 INFO o.a.j.r.p.AbstractSampleConsumer: class org.apache.jmeter.report.processor.graph.impl.ResponseTimeDistributionGraphConsumer#stopProducing(): responseTimeDistribution produced 0 samples
2022-11-19 07:35:41,242 INFO o.a.j.r.p.AbstractSampleConsumer: class org.apache.jmeter.report.processor.graph.impl.TransactionsPerSecondGraphConsumer#stopProducing(): transactionsPerSecond produced 0 samples
2022-11-19 07:35:41,242 INFO o.a.j.r.p.AbstractSampleConsumer: class org.apache.jmeter.report.processor.graph.impl.ResponseTimePercentilesGraphConsumer#stopProducing(): responseTimePercentiles produced 0 samples
2022-11-19 07:35:41,243 INFO o.a.j.r.p.AbstractSampleConsumer: class org.apache.jmeter.report.processor.graph.impl.ResponseTimePercentilesOverTimeGraphConsumer#stopProducing(): responseTimePercentilesOverTime produced 0 samples
2022-11-19 07:35:41,243 INFO o.a.j.r.p.AbstractSampleConsumer: class org.apache.jmeter.report.processor.graph.impl.ResponseTimeOverTimeGraphConsumer#stopProducing(): responseTimesOverTime produced 0 samples
2022-11-19 07:35:41,243 INFO o.a.j.r.p.AbstractSampleConsumer: class org.apache.jmeter.report.processor.graph.impl.ConnectTimeOverTimeGraphConsumer#stopProducing(): connectTimeOverTime produced 0 samples
2022-11-19 07:35:41,243 INFO o.a.j.r.p.AbstractSampleConsumer: class org.apache.jmeter.report.processor.graph.impl.LatencyOverTimeGraphConsumer#stopProducing(): latenciesOverTime produced 0 samples
2022-11-19 07:35:41,243 INFO o.a.j.r.p.AbstractSampleConsumer: class org.apache.jmeter.report.processor.FilterConsumer#stopProducing(): nameFilter produced 150 samples
2022-11-19 07:35:41,244 INFO o.a.j.r.p.AbstractSampleConsumer: class org.apache.jmeter.report.processor.FilterConsumer#stopProducing(): dateRangeFilter produced 30 samples
2022-11-19 07:35:41,244 INFO o.a.j.r.p.AbstractSampleConsumer: class org.apache.jmeter.report.processor.NormalizerSampleConsumer#stopProducing(): normalizer produced 10 samples
2022-11-19 07:35:41,244 INFO o.a.j.r.p.CsvFileSampleSource: produce(): 10 samples produced in 56ms on channel 0
2022-11-19 07:35:41,244 INFO o.a.j.r.d.ReportGenerator: Exporting data using exporter:'json' of className:'org.apache.jmeter.report.dashboard.JsonExporter'
2022-11-19 07:35:41,380 INFO o.a.j.r.d.JsonExporter: Found data for consumer statisticsSummary in context
2022-11-19 07:35:41,381 INFO o.a.j.r.d.JsonExporter: Creating statistics for overall
2022-11-19 07:35:41,381 INFO o.a.j.r.d.JsonExporter: Creating statistics for other transactions
2022-11-19 07:35:41,382 INFO o.a.j.r.d.JsonExporter: Checking output folder
2022-11-19 07:35:41,382 INFO o.a.j.r.d.JsonExporter: Writing statistics JSON to /home/ubuntu/jmeter-test-result/10-user-10-data-gateway-caching/result/statistics.json
2022-11-19 07:35:41,426 INFO o.a.j.r.d.ReportGenerator: Exporting data using exporter:'html' of className:'org.apache.jmeter.report.dashboard.HtmlTemplateExporter'
2022-11-19 07:35:41,429 INFO o.a.j.r.d.HtmlTemplateExporter: Will generate dashboard in folder: /home/ubuntu/jmeter-test-result/10-user-10-data-gateway-caching/result
2022-11-19 07:35:41,583 INFO o.a.j.r.d.HtmlTemplateExporter: Report will be generated in: /home/ubuntu/jmeter-test-result/10-user-10-data-gateway-caching/result, creating folder structure
2022-11-19 07:35:41,587 INFO o.a.j.r.d.TemplateVisitor: Copying folder from '/opt/jmeter/bin/report-template' to '/home/ubuntu/jmeter-test-result/10-user-10-data-gateway-caching/result', got message: /home/ubuntu/jmeter-test-result/10-user-10-data-gateway-caching/result, found non empty folder with following content [/home/ubuntu/jmeter-test-result/10-user-10-data-gateway-caching/result/statistics.json], will be ignored
2022-11-19 07:35:41,840 INFO o.a.j.JMeter: Dashboard generated
