2022-11-19 07:32:41,221 INFO o.a.j.u.JMeterUtils: Setting Locale to en_EN
2022-11-19 07:32:41,248 INFO o.a.j.JMeter: Loading user properties from: /opt/jmeter/bin/user.properties
2022-11-19 07:32:41,249 INFO o.a.j.JMeter: Loading system properties from: /opt/jmeter/bin/system.properties
2022-11-19 07:32:41,255 INFO o.a.j.JMeter: Copyright (c) 1998-2022 The Apache Software Foundation
2022-11-19 07:32:41,255 INFO o.a.j.JMeter: Version 5.5
2022-11-19 07:32:41,255 INFO o.a.j.JMeter: java.version=11.0.17
2022-11-19 07:32:41,255 INFO o.a.j.JMeter: java.vm.name=OpenJDK 64-Bit Server VM
2022-11-19 07:32:41,255 INFO o.a.j.JMeter: os.name=Linux
2022-11-19 07:32:41,255 INFO o.a.j.JMeter: os.arch=amd64
2022-11-19 07:32:41,255 INFO o.a.j.JMeter: os.version=5.15.0-1022-aws
2022-11-19 07:32:41,255 INFO o.a.j.JMeter: file.encoding=UTF-8
2022-11-19 07:32:41,255 INFO o.a.j.JMeter: java.awt.headless=true
2022-11-19 07:32:41,256 INFO o.a.j.JMeter: Max memory     =4294967296
2022-11-19 07:32:41,256 INFO o.a.j.JMeter: Available Processors =2
2022-11-19 07:32:41,265 INFO o.a.j.JMeter: Default Locale=English (EN)
2022-11-19 07:32:41,265 INFO o.a.j.JMeter: JMeter  Locale=English (EN)
2022-11-19 07:32:41,266 INFO o.a.j.JMeter: JMeterHome=/opt/jmeter
2022-11-19 07:32:41,266 INFO o.a.j.JMeter: user.dir  =/home/ubuntu/jmeter-test-result/10-user-10-data-application
2022-11-19 07:32:41,266 INFO o.a.j.JMeter: PWD       =/home/ubuntu/jmeter-test-result/10-user-10-data-application
2022-11-19 07:32:41,269 INFO o.a.j.JMeter: IP: 172.31.38.131 Name: ip-172-31-38-131 FullName: ip-172-31-38-131.ap-northeast-2.compute.internal
2022-11-19 07:32:41,278 INFO o.a.j.JMeter: Setting property 'jmeter.reportgenerator.outputdir' to:'/home/ubuntu/jmeter-test-result/10-user-10-data-application/result'
2022-11-19 07:32:41,282 INFO o.a.j.s.FileServer: Default base='/home/ubuntu/jmeter-test-result/10-user-10-data-application'
2022-11-19 07:32:41,283 INFO o.a.j.s.FileServer: Set new base='/home/ubuntu/jmeter-test-result/10-user-10-data-application'
2022-11-19 07:32:41,507 INFO o.a.j.s.SaveService: Testplan (JMX) version: 2.2. Testlog (JTL) version: 2.2
2022-11-19 07:32:41,529 INFO o.a.j.s.SaveService: Using SaveService properties version 5.0
2022-11-19 07:32:41,533 INFO o.a.j.s.SaveService: Using SaveService properties file encoding UTF-8
2022-11-19 07:32:41,537 INFO o.a.j.s.SaveService: Loading file: 10-user-10-data-application.jmx
2022-11-19 07:32:41,589 INFO o.a.j.p.h.s.HTTPSamplerBase: Parser for text/html is org.apache.jmeter.protocol.http.parser.LagartoBasedHtmlParser
2022-11-19 07:32:41,589 INFO o.a.j.p.h.s.HTTPSamplerBase: Parser for application/xhtml+xml is org.apache.jmeter.protocol.http.parser.LagartoBasedHtmlParser
2022-11-19 07:32:41,589 INFO o.a.j.p.h.s.HTTPSamplerBase: Parser for application/xml is org.apache.jmeter.protocol.http.parser.LagartoBasedHtmlParser
2022-11-19 07:32:41,589 INFO o.a.j.p.h.s.HTTPSamplerBase: Parser for text/xml is org.apache.jmeter.protocol.http.parser.LagartoBasedHtmlParser
2022-11-19 07:32:41,589 INFO o.a.j.p.h.s.HTTPSamplerBase: Parser for text/vnd.wap.wml is org.apache.jmeter.protocol.http.parser.RegexpHTMLParser
2022-11-19 07:32:41,589 INFO o.a.j.p.h.s.HTTPSamplerBase: Parser for text/css is org.apache.jmeter.protocol.http.parser.CssParser
2022-11-19 07:32:41,635 INFO o.a.j.JMeter: Creating summariser <summary>
2022-11-19 07:32:41,643 INFO o.a.j.r.d.ReportGenerator: ReportGenerator will use for Parsing the separator: ','
2022-11-19 07:32:41,643 INFO o.a.j.r.d.ReportGenerator: Will generate report at end of test from  results file: 11-19-07:32:40.jtl
2022-11-19 07:32:41,643 INFO o.a.j.r.d.ReportGenerator: Reading report generator properties from: /opt/jmeter/bin/reportgenerator.properties
2022-11-19 07:32:41,644 INFO o.a.j.r.d.ReportGenerator: Merging with JMeter properties
2022-11-19 07:32:41,649 INFO o.a.j.r.c.ReportGeneratorConfiguration: Property 'jmeter.reportgenerator.temp_dir' not found, using default value 'temp' instead.
2022-11-19 07:32:41,659 INFO o.a.j.r.c.ReportGeneratorConfiguration: Property 'jmeter.reportgenerator.apdex_per_transaction' not found, using default value 'null' instead.
2022-11-19 07:32:41,659 INFO o.a.j.r.c.ReportGeneratorConfiguration: apdex_per_transaction is empty, not APDEX per transaction customization
2022-11-19 07:32:41,659 INFO o.a.j.r.c.ReportGeneratorConfiguration: Property 'jmeter.reportgenerator.sample_filter' not found, using default value 'null' instead.
2022-11-19 07:32:41,659 INFO o.a.j.r.c.ReportGeneratorConfiguration: Property 'jmeter.reportgenerator.report_title' not found, using default value 'null' instead.
2022-11-19 07:32:41,660 INFO o.a.j.r.c.ReportGeneratorConfiguration: Property 'jmeter.reportgenerator.start_date' not found, using default value 'null' instead.
2022-11-19 07:32:41,660 INFO o.a.j.r.c.ReportGeneratorConfiguration: Property 'jmeter.reportgenerator.end_date' not found, using default value 'null' instead.
2022-11-19 07:32:41,660 INFO o.a.j.r.c.ReportGeneratorConfiguration: Property 'jmeter.reportgenerator.date_format' not found, using default value 'null' instead.
2022-11-19 07:32:41,661 INFO o.a.j.r.c.ReportGeneratorConfiguration: Will use date range start date: null, end date: null
2022-11-19 07:32:41,668 INFO o.a.j.r.c.ReportGeneratorConfiguration: Property 'jmeter.reportgenerator.graph.totalTPS.exclude_controllers' not found, using default value 'false' instead.
2022-11-19 07:32:41,669 INFO o.a.j.r.c.ReportGeneratorConfiguration: Property 'jmeter.reportgenerator.graph.activeThreadsOverTime.exclude_controllers' not found, using default value 'false' instead.
2022-11-19 07:32:41,669 INFO o.a.j.r.c.ReportGeneratorConfiguration: Property 'jmeter.reportgenerator.graph.timeVsThreads.exclude_controllers' not found, using default value 'false' instead.
2022-11-19 07:32:41,670 INFO o.a.j.r.c.ReportGeneratorConfiguration: Property 'jmeter.reportgenerator.graph.responseTimeDistribution.exclude_controllers' not found, using default value 'false' instead.
2022-11-19 07:32:41,670 INFO o.a.j.r.c.ReportGeneratorConfiguration: Property 'jmeter.reportgenerator.graph.transactionsPerSecond.exclude_controllers' not found, using default value 'false' instead.
2022-11-19 07:32:41,671 INFO o.a.j.r.c.ReportGeneratorConfiguration: Property 'jmeter.reportgenerator.graph.responseTimePercentiles.exclude_controllers' not found, using default value 'false' instead.
2022-11-19 07:32:41,671 INFO o.a.j.r.c.ReportGeneratorConfiguration: Property 'jmeter.reportgenerator.graph.responseTimePercentilesOverTime.exclude_controllers' not found, using default value 'false' instead.
2022-11-19 07:32:41,672 INFO o.a.j.r.c.ReportGeneratorConfiguration: Property 'jmeter.reportgenerator.graph.responseTimesOverTime.exclude_controllers' not found, using default value 'false' instead.
2022-11-19 07:32:41,672 INFO o.a.j.r.c.ReportGeneratorConfiguration: Property 'jmeter.reportgenerator.graph.connectTimeOverTime.exclude_controllers' not found, using default value 'false' instead.
2022-11-19 07:32:41,672 INFO o.a.j.r.c.ReportGeneratorConfiguration: Property 'jmeter.reportgenerator.graph.latenciesOverTime.exclude_controllers' not found, using default value 'false' instead.
2022-11-19 07:32:41,674 INFO o.a.j.r.c.ReportGeneratorConfiguration: Property 'jmeter.reportgenerator.exporter.json.filters_only_sample_series' not found, using default value 'true' instead.
2022-11-19 07:32:41,674 INFO o.a.j.r.c.ReportGeneratorConfiguration: Property 'jmeter.reportgenerator.exporter.json.series_filter' not found, using default value '' instead.
2022-11-19 07:32:41,674 INFO o.a.j.r.c.ReportGeneratorConfiguration: Property 'jmeter.reportgenerator.exporter.json.show_controllers_only' not found, using default value 'false' instead.
2022-11-19 07:32:41,675 INFO o.a.j.r.c.ReportGeneratorConfiguration: Property 'jmeter.reportgenerator.exporter.html.filters_only_sample_series' not found, using default value 'true' instead.
2022-11-19 07:32:41,675 INFO o.a.j.r.c.ReportGeneratorConfiguration: Property 'jmeter.reportgenerator.exporter.html.series_filter' not found, using default value '' instead.
2022-11-19 07:32:41,675 INFO o.a.j.r.c.ReportGeneratorConfiguration: Property 'jmeter.reportgenerator.exporter.html.show_controllers_only' not found, using default value 'false' instead.
2022-11-19 07:32:41,687 INFO o.a.j.e.StandardJMeterEngine: Running the test!
2022-11-19 07:32:41,689 INFO o.a.j.s.SampleEvent: List of sample_variables: []
2022-11-19 07:32:41,689 INFO o.a.j.s.SampleEvent: List of sample_variables: []
2022-11-19 07:32:41,705 INFO o.a.j.e.u.CompoundVariable: Note: Function class names must contain the string: '.functions.'
2022-11-19 07:32:41,705 INFO o.a.j.e.u.CompoundVariable: Note: Function class names must not contain the string: '.gui.'
2022-11-19 07:32:42,110 INFO o.a.j.JMeter: Running test (1668843162110)
2022-11-19 07:32:42,160 INFO o.a.j.e.StandardJMeterEngine: Starting ThreadGroup: 1 : client-to-application
2022-11-19 07:32:42,160 INFO o.a.j.e.StandardJMeterEngine: Starting 10 threads for group client-to-application.
2022-11-19 07:32:42,161 INFO o.a.j.e.StandardJMeterEngine: Thread will continue on error
2022-11-19 07:32:42,161 INFO o.a.j.t.ThreadGroup: Starting thread group... number=1 threads=10 ramp-up=0 delayedStart=false
2022-11-19 07:32:42,179 INFO o.a.j.t.ThreadGroup: Started thread group number 1
2022-11-19 07:32:42,179 INFO o.a.j.e.StandardJMeterEngine: All thread groups have been started
2022-11-19 07:32:42,190 INFO o.a.j.t.JMeterThread: Thread started: client-to-application 1-1
2022-11-19 07:32:42,190 INFO o.a.j.t.JMeterThread: Thread started: client-to-application 1-3
2022-11-19 07:32:42,190 INFO o.a.j.t.JMeterThread: Thread started: client-to-application 1-2
2022-11-19 07:32:42,190 INFO o.a.j.t.JMeterThread: Thread started: client-to-application 1-4
2022-11-19 07:32:42,191 INFO o.a.j.t.JMeterThread: Thread started: client-to-application 1-5
2022-11-19 07:32:42,191 INFO o.a.j.t.JMeterThread: Thread started: client-to-application 1-6
2022-11-19 07:32:42,192 INFO o.a.j.t.JMeterThread: Thread started: client-to-application 1-7
2022-11-19 07:32:42,192 INFO o.a.j.t.JMeterThread: Thread started: client-to-application 1-8
2022-11-19 07:32:42,194 INFO o.a.j.t.JMeterThread: Thread started: client-to-application 1-9
2022-11-19 07:32:42,195 INFO o.a.j.t.JMeterThread: Thread started: client-to-application 1-10
2022-11-19 07:32:42,217 INFO o.a.j.p.h.s.HTTPHCAbstractImpl: Local host = ip-172-31-38-131
2022-11-19 07:32:42,228 INFO o.a.j.p.h.s.HTTPHC4Impl: HTTP request retry count = 0
2022-11-19 07:32:42,230 INFO o.a.j.s.SampleResult: Note: Sample TimeStamps are START times
2022-11-19 07:32:42,230 INFO o.a.j.s.SampleResult: sampleresult.default.encoding is set to ISO-8859-1
2022-11-19 07:32:42,230 INFO o.a.j.s.SampleResult: sampleresult.useNanoTime=true
2022-11-19 07:32:42,230 INFO o.a.j.s.SampleResult: sampleresult.nanoThreadSleep=5000
2022-11-19 07:32:49,512 INFO o.a.j.t.JMeterThread: Thread is done: client-to-application 1-8
2022-11-19 07:32:49,513 INFO o.a.j.t.JMeterThread: Thread finished: client-to-application 1-8
2022-11-19 07:32:50,153 INFO o.a.j.t.JMeterThread: Thread is done: client-to-application 1-9
2022-11-19 07:32:50,154 INFO o.a.j.t.JMeterThread: Thread finished: client-to-application 1-9
2022-11-19 07:32:50,157 INFO o.a.j.t.JMeterThread: Thread is done: client-to-application 1-7
2022-11-19 07:32:50,157 INFO o.a.j.t.JMeterThread: Thread finished: client-to-application 1-7
2022-11-19 07:32:50,186 INFO o.a.j.t.JMeterThread: Thread is done: client-to-application 1-5
2022-11-19 07:32:50,186 INFO o.a.j.t.JMeterThread: Thread finished: client-to-application 1-5
2022-11-19 07:32:50,227 INFO o.a.j.t.JMeterThread: Thread is done: client-to-application 1-6
2022-11-19 07:32:50,228 INFO o.a.j.t.JMeterThread: Thread finished: client-to-application 1-6
2022-11-19 07:32:50,246 INFO o.a.j.t.JMeterThread: Thread is done: client-to-application 1-4
2022-11-19 07:32:50,246 INFO o.a.j.t.JMeterThread: Thread finished: client-to-application 1-4
2022-11-19 07:32:50,321 INFO o.a.j.t.JMeterThread: Thread is done: client-to-application 1-10
2022-11-19 07:32:50,321 INFO o.a.j.t.JMeterThread: Thread finished: client-to-application 1-10
2022-11-19 07:32:50,344 INFO o.a.j.t.JMeterThread: Thread is done: client-to-application 1-3
2022-11-19 07:32:50,344 INFO o.a.j.t.JMeterThread: Thread finished: client-to-application 1-3
2022-11-19 07:32:50,348 INFO o.a.j.t.JMeterThread: Thread is done: client-to-application 1-2
2022-11-19 07:32:50,348 INFO o.a.j.t.JMeterThread: Thread finished: client-to-application 1-2
2022-11-19 07:32:50,394 INFO o.a.j.t.JMeterThread: Thread is done: client-to-application 1-1
2022-11-19 07:32:50,395 INFO o.a.j.t.JMeterThread: Thread finished: client-to-application 1-1
2022-11-19 07:32:50,397 INFO o.a.j.e.StandardJMeterEngine: Notifying test listeners of end of test
2022-11-19 07:32:50,398 INFO o.a.j.r.Summariser: summary =     10 in 00:00:08 =    1.2/s Avg:  7833 Min:  7151 Max:  8051 Err:     0 (0.00%)
2022-11-19 07:32:50,398 INFO o.a.j.JMeter: Generating Dashboard
2022-11-19 07:32:50,398 INFO o.a.j.r.d.ReportGenerator: Flushing result collector before report Generation
2022-11-19 07:32:50,410 INFO o.a.j.r.p.NormalizerSampleConsumer: Using format, 'ms', to parse timeStamp field
2022-11-19 07:32:50,485 INFO o.a.j.r.p.AbstractSampleConsumer: class org.apache.jmeter.report.processor.AggregateConsumer#stopProducing(): beginDate produced 0 samples
2022-11-19 07:32:50,485 INFO o.a.j.r.p.AbstractSampleConsumer: class org.apache.jmeter.report.processor.AggregateConsumer#stopProducing(): endDate produced 0 samples
2022-11-19 07:32:50,488 INFO o.a.j.r.p.AbstractSampleConsumer: class org.apache.jmeter.report.processor.ApdexSummaryConsumer#stopProducing(): apdexSummary produced 0 samples
2022-11-19 07:32:50,488 INFO o.a.j.r.p.AbstractSampleConsumer: class org.apache.jmeter.report.processor.RequestsSummaryConsumer#stopProducing(): requestsSummary produced 0 samples
2022-11-19 07:32:50,495 INFO o.a.j.r.p.AbstractSampleConsumer: class org.apache.jmeter.report.processor.StatisticsSummaryConsumer#stopProducing(): statisticsSummary produced 0 samples
2022-11-19 07:32:50,497 INFO o.a.j.r.p.AbstractSampleConsumer: class org.apache.jmeter.report.processor.Top5ErrorsBySamplerConsumer#stopProducing(): top5ErrorsBySampler produced 0 samples
2022-11-19 07:32:50,497 INFO o.a.j.r.p.AbstractSampleConsumer: class org.apache.jmeter.report.processor.ErrorsSummaryConsumer#stopProducing(): errorsSummary produced 0 samples
2022-11-19 07:32:50,497 INFO o.a.j.r.p.AbstractSampleConsumer: class org.apache.jmeter.report.processor.graph.impl.HitsPerSecondGraphConsumer#stopProducing(): hitsPerSecond produced 0 samples
2022-11-19 07:32:50,505 INFO o.a.j.r.p.AbstractSampleConsumer: class org.apache.jmeter.report.processor.graph.impl.LatencyVSRequestGraphConsumer#stopProducing(): latencyVsRequest produced 0 samples
2022-11-19 07:32:50,505 INFO o.a.j.r.p.AbstractSampleConsumer: class org.apache.jmeter.report.processor.graph.impl.SyntheticResponseTimeDistributionGraphConsumer#stopProducing(): syntheticResponseTimeDistribution produced 0 samples
2022-11-19 07:32:50,505 INFO o.a.j.r.p.AbstractSampleConsumer: class org.apache.jmeter.report.processor.graph.impl.BytesThroughputGraphConsumer#stopProducing(): bytesThroughputOverTime produced 0 samples
2022-11-19 07:32:50,505 INFO o.a.j.r.p.AbstractSampleConsumer: class org.apache.jmeter.report.processor.graph.impl.CodesPerSecondGraphConsumer#stopProducing(): codesPerSecond produced 0 samples
2022-11-19 07:32:50,509 INFO o.a.j.r.p.AbstractSampleConsumer: class org.apache.jmeter.report.processor.graph.impl.ResponseTimeVSRequestGraphConsumer#stopProducing(): responseTimeVsRequest produced 0 samples
2022-11-19 07:32:50,509 INFO o.a.j.r.p.AbstractSampleConsumer: class org.apache.jmeter.report.processor.FilterConsumer#stopProducing(): startIntervalControlerFilter produced 70 samples
2022-11-19 07:32:50,509 INFO o.a.j.r.p.AbstractSampleConsumer: class org.apache.jmeter.report.processor.graph.impl.TotalTPSGraphConsumer#stopProducing(): totalTPS produced 0 samples
2022-11-19 07:32:50,509 INFO o.a.j.r.p.AbstractSampleConsumer: class org.apache.jmeter.report.processor.graph.impl.ActiveThreadsGraphConsumer#stopProducing(): activeThreadsOverTime produced 0 samples
2022-11-19 07:32:50,509 INFO o.a.j.r.p.AbstractSampleConsumer: class org.apache.jmeter.report.processor.graph.impl.TimeVSThreadGraphConsumer#stopProducing(): timeVsThreads produced 0 samples
2022-11-19 07:32:50,510 INFO o.a.j.r.p.AbstractSampleConsumer: class org.apache.jmeter.report.processor.graph.impl.ResponseTimeDistributionGraphConsumer#stopProducing(): responseTimeDistribution produced 0 samples
2022-11-19 07:32:50,510 INFO o.a.j.r.p.AbstractSampleConsumer: class org.apache.jmeter.report.processor.graph.impl.TransactionsPerSecondGraphConsumer#stopProducing(): transactionsPerSecond produced 0 samples
2022-11-19 07:32:50,510 INFO o.a.j.r.p.AbstractSampleConsumer: class org.apache.jmeter.report.processor.graph.impl.ResponseTimePercentilesGraphConsumer#stopProducing(): responseTimePercentiles produced 0 samples
2022-11-19 07:32:50,511 INFO o.a.j.r.p.AbstractSampleConsumer: class org.apache.jmeter.report.processor.graph.impl.ResponseTimePercentilesOverTimeGraphConsumer#stopProducing(): responseTimePercentilesOverTime produced 0 samples
2022-11-19 07:32:50,511 INFO o.a.j.r.p.AbstractSampleConsumer: class org.apache.jmeter.report.processor.graph.impl.ResponseTimeOverTimeGraphConsumer#stopProducing(): responseTimesOverTime produced 0 samples
2022-11-19 07:32:50,511 INFO o.a.j.r.p.AbstractSampleConsumer: class org.apache.jmeter.report.processor.graph.impl.ConnectTimeOverTimeGraphConsumer#stopProducing(): connectTimeOverTime produced 0 samples
2022-11-19 07:32:50,511 INFO o.a.j.r.p.AbstractSampleConsumer: class org.apache.jmeter.report.processor.graph.impl.LatencyOverTimeGraphConsumer#stopProducing(): latenciesOverTime produced 0 samples
2022-11-19 07:32:50,511 INFO o.a.j.r.p.AbstractSampleConsumer: class org.apache.jmeter.report.processor.FilterConsumer#stopProducing(): nameFilter produced 150 samples
2022-11-19 07:32:50,511 INFO o.a.j.r.p.AbstractSampleConsumer: class org.apache.jmeter.report.processor.FilterConsumer#stopProducing(): dateRangeFilter produced 30 samples
2022-11-19 07:32:50,512 INFO o.a.j.r.p.AbstractSampleConsumer: class org.apache.jmeter.report.processor.NormalizerSampleConsumer#stopProducing(): normalizer produced 10 samples
2022-11-19 07:32:50,512 INFO o.a.j.r.p.CsvFileSampleSource: produce(): 10 samples produced in 73ms on channel 0
2022-11-19 07:32:50,512 INFO o.a.j.r.d.ReportGenerator: Exporting data using exporter:'json' of className:'org.apache.jmeter.report.dashboard.JsonExporter'
2022-11-19 07:32:50,652 INFO o.a.j.r.d.JsonExporter: Found data for consumer statisticsSummary in context
2022-11-19 07:32:50,652 INFO o.a.j.r.d.JsonExporter: Creating statistics for overall
2022-11-19 07:32:50,653 INFO o.a.j.r.d.JsonExporter: Creating statistics for other transactions
2022-11-19 07:32:50,653 INFO o.a.j.r.d.JsonExporter: Checking output folder
2022-11-19 07:32:50,653 INFO o.a.j.r.d.JsonExporter: Writing statistics JSON to /home/ubuntu/jmeter-test-result/10-user-10-data-application/result/statistics.json
2022-11-19 07:32:50,698 INFO o.a.j.r.d.ReportGenerator: Exporting data using exporter:'html' of className:'org.apache.jmeter.report.dashboard.HtmlTemplateExporter'
2022-11-19 07:32:50,701 INFO o.a.j.r.d.HtmlTemplateExporter: Will generate dashboard in folder: /home/ubuntu/jmeter-test-result/10-user-10-data-application/result
2022-11-19 07:32:50,819 INFO o.a.j.r.d.HtmlTemplateExporter: Report will be generated in: /home/ubuntu/jmeter-test-result/10-user-10-data-application/result, creating folder structure
2022-11-19 07:32:50,822 INFO o.a.j.r.d.TemplateVisitor: Copying folder from '/opt/jmeter/bin/report-template' to '/home/ubuntu/jmeter-test-result/10-user-10-data-application/result', got message: /home/ubuntu/jmeter-test-result/10-user-10-data-application/result, found non empty folder with following content [/home/ubuntu/jmeter-test-result/10-user-10-data-application/result/statistics.json], will be ignored
2022-11-19 07:32:51,095 INFO o.a.j.JMeter: Dashboard generated
