2022-11-27 13:09:19,941 INFO o.a.j.u.JMeterUtils: Setting Locale to en_EN
2022-11-27 13:09:19,967 INFO o.a.j.JMeter: Loading user properties from: /opt/jmeter/bin/user.properties
2022-11-27 13:09:19,967 INFO o.a.j.JMeter: Loading system properties from: /opt/jmeter/bin/system.properties
2022-11-27 13:09:19,973 INFO o.a.j.JMeter: Copyright (c) 1998-2022 The Apache Software Foundation
2022-11-27 13:09:19,973 INFO o.a.j.JMeter: Version 5.5
2022-11-27 13:09:19,973 INFO o.a.j.JMeter: java.version=11.0.17
2022-11-27 13:09:19,973 INFO o.a.j.JMeter: java.vm.name=OpenJDK 64-Bit Server VM
2022-11-27 13:09:19,973 INFO o.a.j.JMeter: os.name=Linux
2022-11-27 13:09:19,973 INFO o.a.j.JMeter: os.arch=amd64
2022-11-27 13:09:19,973 INFO o.a.j.JMeter: os.version=5.15.0-1023-aws
2022-11-27 13:09:19,973 INFO o.a.j.JMeter: file.encoding=UTF-8
2022-11-27 13:09:19,973 INFO o.a.j.JMeter: java.awt.headless=true
2022-11-27 13:09:19,973 INFO o.a.j.JMeter: Max memory     =32212254720
2022-11-27 13:09:19,974 INFO o.a.j.JMeter: Available Processors =4
2022-11-27 13:09:19,982 INFO o.a.j.JMeter: Default Locale=English (EN)
2022-11-27 13:09:19,983 INFO o.a.j.JMeter: JMeter  Locale=English (EN)
2022-11-27 13:09:19,983 INFO o.a.j.JMeter: JMeterHome=/opt/jmeter
2022-11-27 13:09:19,983 INFO o.a.j.JMeter: user.dir  =/home/ubuntu/jmeter-test-result/50-1-1000-device-v2
2022-11-27 13:09:19,983 INFO o.a.j.JMeter: PWD       =/home/ubuntu/jmeter-test-result/50-1-1000-device-v2
2022-11-27 13:09:19,986 INFO o.a.j.JMeter: IP: 172.31.34.117 Name: ip-172-31-34-117 FullName: ip-172-31-34-117.ap-northeast-2.compute.internal
2022-11-27 13:09:19,994 INFO o.a.j.JMeter: Setting property 'jmeter.reportgenerator.outputdir' to:'/home/ubuntu/jmeter-test-result/50-1-1000-device-v2/result'
2022-11-27 13:09:19,997 INFO o.a.j.s.FileServer: Default base='/home/ubuntu/jmeter-test-result/50-1-1000-device-v2'
2022-11-27 13:09:19,998 INFO o.a.j.s.FileServer: Set new base='/home/ubuntu/jmeter-test-result/50-1-1000-device-v2'
2022-11-27 13:09:20,182 INFO o.a.j.s.SaveService: Testplan (JMX) version: 2.2. Testlog (JTL) version: 2.2
2022-11-27 13:09:20,203 INFO o.a.j.s.SaveService: Using SaveService properties version 5.0
2022-11-27 13:09:20,207 INFO o.a.j.s.SaveService: Using SaveService properties file encoding UTF-8
2022-11-27 13:09:20,210 INFO o.a.j.s.SaveService: Loading file: test.jmx
2022-11-27 13:09:20,259 INFO o.a.j.p.h.s.HTTPSamplerBase: Parser for text/html is org.apache.jmeter.protocol.http.parser.LagartoBasedHtmlParser
2022-11-27 13:09:20,259 INFO o.a.j.p.h.s.HTTPSamplerBase: Parser for application/xhtml+xml is org.apache.jmeter.protocol.http.parser.LagartoBasedHtmlParser
2022-11-27 13:09:20,259 INFO o.a.j.p.h.s.HTTPSamplerBase: Parser for application/xml is org.apache.jmeter.protocol.http.parser.LagartoBasedHtmlParser
2022-11-27 13:09:20,260 INFO o.a.j.p.h.s.HTTPSamplerBase: Parser for text/xml is org.apache.jmeter.protocol.http.parser.LagartoBasedHtmlParser
2022-11-27 13:09:20,260 INFO o.a.j.p.h.s.HTTPSamplerBase: Parser for text/vnd.wap.wml is org.apache.jmeter.protocol.http.parser.RegexpHTMLParser
2022-11-27 13:09:20,260 INFO o.a.j.p.h.s.HTTPSamplerBase: Parser for text/css is org.apache.jmeter.protocol.http.parser.CssParser
2022-11-27 13:09:20,323 INFO o.a.j.JMeter: Creating summariser <summary>
2022-11-27 13:09:20,328 INFO o.a.j.r.d.ReportGenerator: ReportGenerator will use for Parsing the separator: ','
2022-11-27 13:09:20,329 INFO o.a.j.r.d.ReportGenerator: Will generate report at end of test from  results file: 11-27-13:09:18.jtl
2022-11-27 13:09:20,329 INFO o.a.j.r.d.ReportGenerator: Reading report generator properties from: /opt/jmeter/bin/reportgenerator.properties
2022-11-27 13:09:20,329 INFO o.a.j.r.d.ReportGenerator: Merging with JMeter properties
2022-11-27 13:09:20,334 INFO o.a.j.r.c.ReportGeneratorConfiguration: Property 'jmeter.reportgenerator.temp_dir' not found, using default value 'temp' instead.
2022-11-27 13:09:20,337 INFO o.a.j.r.c.ReportGeneratorConfiguration: Property 'jmeter.reportgenerator.apdex_per_transaction' not found, using default value 'null' instead.
2022-11-27 13:09:20,337 INFO o.a.j.r.c.ReportGeneratorConfiguration: apdex_per_transaction is empty, not APDEX per transaction customization
2022-11-27 13:09:20,337 INFO o.a.j.r.c.ReportGeneratorConfiguration: Property 'jmeter.reportgenerator.sample_filter' not found, using default value 'null' instead.
2022-11-27 13:09:20,337 INFO o.a.j.r.c.ReportGeneratorConfiguration: Property 'jmeter.reportgenerator.report_title' not found, using default value 'null' instead.
2022-11-27 13:09:20,337 INFO o.a.j.r.c.ReportGeneratorConfiguration: Property 'jmeter.reportgenerator.start_date' not found, using default value 'null' instead.
2022-11-27 13:09:20,337 INFO o.a.j.r.c.ReportGeneratorConfiguration: Property 'jmeter.reportgenerator.end_date' not found, using default value 'null' instead.
2022-11-27 13:09:20,338 INFO o.a.j.r.c.ReportGeneratorConfiguration: Property 'jmeter.reportgenerator.date_format' not found, using default value 'null' instead.
2022-11-27 13:09:20,338 INFO o.a.j.r.c.ReportGeneratorConfiguration: Will use date range start date: null, end date: null
2022-11-27 13:09:20,342 INFO o.a.j.r.c.ReportGeneratorConfiguration: Property 'jmeter.reportgenerator.graph.totalTPS.exclude_controllers' not found, using default value 'false' instead.
2022-11-27 13:09:20,342 INFO o.a.j.r.c.ReportGeneratorConfiguration: Property 'jmeter.reportgenerator.graph.activeThreadsOverTime.exclude_controllers' not found, using default value 'false' instead.
2022-11-27 13:09:20,343 INFO o.a.j.r.c.ReportGeneratorConfiguration: Property 'jmeter.reportgenerator.graph.timeVsThreads.exclude_controllers' not found, using default value 'false' instead.
2022-11-27 13:09:20,343 INFO o.a.j.r.c.ReportGeneratorConfiguration: Property 'jmeter.reportgenerator.graph.responseTimeDistribution.exclude_controllers' not found, using default value 'false' instead.
2022-11-27 13:09:20,343 INFO o.a.j.r.c.ReportGeneratorConfiguration: Property 'jmeter.reportgenerator.graph.transactionsPerSecond.exclude_controllers' not found, using default value 'false' instead.
2022-11-27 13:09:20,343 INFO o.a.j.r.c.ReportGeneratorConfiguration: Property 'jmeter.reportgenerator.graph.responseTimePercentiles.exclude_controllers' not found, using default value 'false' instead.
2022-11-27 13:09:20,343 INFO o.a.j.r.c.ReportGeneratorConfiguration: Property 'jmeter.reportgenerator.graph.responseTimePercentilesOverTime.exclude_controllers' not found, using default value 'false' instead.
2022-11-27 13:09:20,343 INFO o.a.j.r.c.ReportGeneratorConfiguration: Property 'jmeter.reportgenerator.graph.responseTimesOverTime.exclude_controllers' not found, using default value 'false' instead.
2022-11-27 13:09:20,344 INFO o.a.j.r.c.ReportGeneratorConfiguration: Property 'jmeter.reportgenerator.graph.connectTimeOverTime.exclude_controllers' not found, using default value 'false' instead.
2022-11-27 13:09:20,344 INFO o.a.j.r.c.ReportGeneratorConfiguration: Property 'jmeter.reportgenerator.graph.latenciesOverTime.exclude_controllers' not found, using default value 'false' instead.
2022-11-27 13:09:20,345 INFO o.a.j.r.c.ReportGeneratorConfiguration: Property 'jmeter.reportgenerator.exporter.json.filters_only_sample_series' not found, using default value 'true' instead.
2022-11-27 13:09:20,345 INFO o.a.j.r.c.ReportGeneratorConfiguration: Property 'jmeter.reportgenerator.exporter.json.series_filter' not found, using default value '' instead.
2022-11-27 13:09:20,345 INFO o.a.j.r.c.ReportGeneratorConfiguration: Property 'jmeter.reportgenerator.exporter.json.show_controllers_only' not found, using default value 'false' instead.
2022-11-27 13:09:20,346 INFO o.a.j.r.c.ReportGeneratorConfiguration: Property 'jmeter.reportgenerator.exporter.html.filters_only_sample_series' not found, using default value 'true' instead.
2022-11-27 13:09:20,346 INFO o.a.j.r.c.ReportGeneratorConfiguration: Property 'jmeter.reportgenerator.exporter.html.series_filter' not found, using default value '' instead.
2022-11-27 13:09:20,346 INFO o.a.j.r.c.ReportGeneratorConfiguration: Property 'jmeter.reportgenerator.exporter.html.show_controllers_only' not found, using default value 'false' instead.
2022-11-27 13:09:20,356 INFO o.a.j.e.StandardJMeterEngine: Running the test!
2022-11-27 13:09:20,357 INFO o.a.j.s.SampleEvent: List of sample_variables: []
2022-11-27 13:09:20,357 INFO o.a.j.s.SampleEvent: List of sample_variables: []
2022-11-27 13:09:20,369 INFO o.a.j.e.u.CompoundVariable: Note: Function class names must contain the string: '.functions.'
2022-11-27 13:09:20,369 INFO o.a.j.e.u.CompoundVariable: Note: Function class names must not contain the string: '.gui.'
2022-11-27 13:09:20,668 INFO o.a.j.JMeter: Running test (1669554560668)
2022-11-27 13:09:20,732 INFO o.a.j.e.StandardJMeterEngine: Starting ThreadGroup: 1 : client-to-application (POST)
2022-11-27 13:09:20,733 INFO o.a.j.e.StandardJMeterEngine: Starting 50 threads for group client-to-application (POST).
2022-11-27 13:09:20,733 INFO o.a.j.e.StandardJMeterEngine: Thread will continue on error
2022-11-27 13:09:20,733 INFO o.a.j.t.ThreadGroup: Starting thread group... number=1 threads=50 ramp-up=1 delayedStart=false
2022-11-27 13:09:20,764 INFO o.a.j.t.JMeterThread: Thread started: client-to-application (POST) 1-1
2022-11-27 13:09:20,779 INFO o.a.j.t.JMeterThread: Thread started: client-to-application (POST) 1-2
2022-11-27 13:09:20,796 INFO o.a.j.t.JMeterThread: Thread started: client-to-application (POST) 1-3
2022-11-27 13:09:20,800 INFO o.a.j.t.ThreadGroup: Started thread group number 1
2022-11-27 13:09:20,800 INFO o.a.j.e.StandardJMeterEngine: Waiting for thread group: client-to-application (POST) to finish before starting next group
2022-11-27 13:09:20,804 INFO o.a.j.p.h.s.HTTPHCAbstractImpl: Local host = ip-172-31-34-117
2022-11-27 13:09:20,812 INFO o.a.j.p.h.s.HTTPHC4Impl: HTTP request retry count = 0
2022-11-27 13:09:20,812 INFO o.a.j.t.JMeterThread: Thread started: client-to-application (POST) 1-4
2022-11-27 13:09:20,813 INFO o.a.j.s.SampleResult: Note: Sample TimeStamps are START times
2022-11-27 13:09:20,813 INFO o.a.j.s.SampleResult: sampleresult.default.encoding is set to ISO-8859-1
2022-11-27 13:09:20,813 INFO o.a.j.s.SampleResult: sampleresult.useNanoTime=true
2022-11-27 13:09:20,813 INFO o.a.j.s.SampleResult: sampleresult.nanoThreadSleep=5000
2022-11-27 13:09:20,829 INFO o.a.j.t.JMeterThread: Thread started: client-to-application (POST) 1-5
2022-11-27 13:09:20,845 INFO o.a.j.t.JMeterThread: Thread started: client-to-application (POST) 1-6
2022-11-27 13:09:20,857 INFO o.a.j.t.JMeterThread: Thread started: client-to-application (POST) 1-7
2022-11-27 13:09:20,878 INFO o.a.j.t.JMeterThread: Thread started: client-to-application (POST) 1-8
2022-11-27 13:09:20,894 INFO o.a.j.t.JMeterThread: Thread started: client-to-application (POST) 1-9
2022-11-27 13:09:20,924 INFO o.a.j.t.JMeterThread: Thread started: client-to-application (POST) 1-10
2022-11-27 13:09:20,934 INFO o.a.j.t.JMeterThread: Thread started: client-to-application (POST) 1-11
2022-11-27 13:09:20,955 INFO o.a.j.t.JMeterThread: Thread started: client-to-application (POST) 1-12
2022-11-27 13:09:20,974 INFO o.a.j.t.JMeterThread: Thread started: client-to-application (POST) 1-13
2022-11-27 13:09:20,986 INFO o.a.j.u.JsseSSLManager: Using default SSL protocol: TLS
2022-11-27 13:09:20,987 INFO o.a.j.u.JsseSSLManager: SSL session context: per-thread
2022-11-27 13:09:20,994 INFO o.a.j.t.JMeterThread: Thread started: client-to-application (POST) 1-14
2022-11-27 13:09:21,013 INFO o.a.j.t.JMeterThread: Thread started: client-to-application (POST) 1-15
2022-11-27 13:09:21,034 INFO o.a.j.t.JMeterThread: Thread started: client-to-application (POST) 1-16
2022-11-27 13:09:21,056 INFO o.a.j.t.JMeterThread: Thread started: client-to-application (POST) 1-17
2022-11-27 13:09:21,073 INFO o.a.j.t.JMeterThread: Thread started: client-to-application (POST) 1-18
2022-11-27 13:09:21,096 INFO o.a.j.t.JMeterThread: Thread started: client-to-application (POST) 1-19
2022-11-27 13:09:21,114 INFO o.a.j.t.JMeterThread: Thread started: client-to-application (POST) 1-20
2022-11-27 13:09:21,133 INFO o.a.j.t.JMeterThread: Thread started: client-to-application (POST) 1-21
2022-11-27 13:09:21,154 INFO o.a.j.t.JMeterThread: Thread started: client-to-application (POST) 1-22
2022-11-27 13:09:21,174 INFO o.a.j.t.JMeterThread: Thread started: client-to-application (POST) 1-23
2022-11-27 13:09:21,195 INFO o.a.j.t.JMeterThread: Thread started: client-to-application (POST) 1-24
2022-11-27 13:09:21,224 INFO o.a.j.t.JMeterThread: Thread started: client-to-application (POST) 1-25
2022-11-27 13:09:21,234 INFO o.a.j.t.JMeterThread: Thread started: client-to-application (POST) 1-26
2022-11-27 13:09:21,254 INFO o.a.j.t.JMeterThread: Thread started: client-to-application (POST) 1-27
2022-11-27 13:09:21,273 INFO o.a.j.t.JMeterThread: Thread started: client-to-application (POST) 1-28
2022-11-27 13:09:21,295 INFO o.a.j.t.JMeterThread: Thread started: client-to-application (POST) 1-29
2022-11-27 13:09:21,314 INFO o.a.j.t.JMeterThread: Thread started: client-to-application (POST) 1-30
2022-11-27 13:09:21,333 INFO o.a.j.t.JMeterThread: Thread started: client-to-application (POST) 1-31
2022-11-27 13:09:21,364 INFO o.a.j.t.JMeterThread: Thread started: client-to-application (POST) 1-32
2022-11-27 13:09:21,373 INFO o.a.j.t.JMeterThread: Thread started: client-to-application (POST) 1-33
2022-11-27 13:09:21,394 INFO o.a.j.t.JMeterThread: Thread started: client-to-application (POST) 1-34
2022-11-27 13:09:21,415 INFO o.a.j.t.JMeterThread: Thread started: client-to-application (POST) 1-35
2022-11-27 13:09:21,434 INFO o.a.j.t.JMeterThread: Thread started: client-to-application (POST) 1-36
2022-11-27 13:09:21,454 INFO o.a.j.t.JMeterThread: Thread started: client-to-application (POST) 1-37
2022-11-27 13:09:21,473 INFO o.a.j.t.JMeterThread: Thread started: client-to-application (POST) 1-38
2022-11-27 13:09:21,494 INFO o.a.j.t.JMeterThread: Thread started: client-to-application (POST) 1-39
2022-11-27 13:09:21,515 INFO o.a.j.t.JMeterThread: Thread started: client-to-application (POST) 1-40
2022-11-27 13:09:21,535 INFO o.a.j.t.JMeterThread: Thread started: client-to-application (POST) 1-41
2022-11-27 13:09:21,554 INFO o.a.j.t.JMeterThread: Thread started: client-to-application (POST) 1-42
2022-11-27 13:09:21,573 INFO o.a.j.t.JMeterThread: Thread started: client-to-application (POST) 1-43
2022-11-27 13:09:21,594 INFO o.a.j.t.JMeterThread: Thread started: client-to-application (POST) 1-44
2022-11-27 13:09:21,615 INFO o.a.j.t.JMeterThread: Thread started: client-to-application (POST) 1-45
2022-11-27 13:09:21,635 INFO o.a.j.t.JMeterThread: Thread started: client-to-application (POST) 1-46
2022-11-27 13:09:21,654 INFO o.a.j.t.JMeterThread: Thread started: client-to-application (POST) 1-47
2022-11-27 13:09:21,675 INFO o.a.j.t.JMeterThread: Thread started: client-to-application (POST) 1-48
2022-11-27 13:09:21,693 INFO o.a.j.t.JMeterThread: Thread started: client-to-application (POST) 1-49
2022-11-27 13:09:21,713 INFO o.a.j.t.JMeterThread: Thread started: client-to-application (POST) 1-50
2022-11-27 13:09:30,001 INFO o.a.j.r.Summariser: summary +   9707 in 00:00:09 = 1040.2/s Avg:    44 Min:     5 Max:    76 Err:     0 (0.00%) Active: 50 Started: 50 Finished: 0
2022-11-27 13:10:00,000 INFO o.a.j.r.Summariser: summary +  31602 in 00:00:30 = 1053.4/s Avg:    44 Min:     3 Max:   268 Err: 13077 (41.38%) Active: 50 Started: 50 Finished: 0
2022-11-27 13:10:00,040 INFO o.a.j.r.Summariser: summary =  41309 in 00:00:39 = 1050.3/s Avg:    44 Min:     3 Max:   268 Err: 13077 (31.66%)
2022-11-27 13:10:07,137 INFO o.a.j.t.JMeterThread: Thread is done: client-to-application (POST) 1-21
2022-11-27 13:10:07,137 INFO o.a.j.t.JMeterThread: Thread finished: client-to-application (POST) 1-21
2022-11-27 13:10:07,223 INFO o.a.j.t.JMeterThread: Thread is done: client-to-application (POST) 1-3
2022-11-27 13:10:07,223 INFO o.a.j.t.JMeterThread: Thread is done: client-to-application (POST) 1-36
2022-11-27 13:10:07,223 INFO o.a.j.t.JMeterThread: Thread finished: client-to-application (POST) 1-3
2022-11-27 13:10:07,274 INFO o.a.j.t.JMeterThread: Thread is done: client-to-application (POST) 1-12
2022-11-27 13:10:07,274 INFO o.a.j.t.JMeterThread: Thread finished: client-to-application (POST) 1-12
2022-11-27 13:10:07,367 INFO o.a.j.t.JMeterThread: Thread finished: client-to-application (POST) 1-36
2022-11-27 13:10:07,311 INFO o.a.j.t.JMeterThread: Thread is done: client-to-application (POST) 1-4
2022-11-27 13:10:07,389 INFO o.a.j.t.JMeterThread: Thread finished: client-to-application (POST) 1-4
2022-11-27 13:10:07,347 INFO o.a.j.t.JMeterThread: Thread is done: client-to-application (POST) 1-28
2022-11-27 13:10:07,314 INFO o.a.j.t.JMeterThread: Thread is done: client-to-application (POST) 1-11
2022-11-27 13:10:07,395 INFO o.a.j.t.JMeterThread: Thread finished: client-to-application (POST) 1-11
2022-11-27 13:10:07,395 INFO o.a.j.t.JMeterThread: Thread finished: client-to-application (POST) 1-28
2022-11-27 13:10:07,422 INFO o.a.j.t.JMeterThread: Thread is done: client-to-application (POST) 1-38
2022-11-27 13:10:07,422 INFO o.a.j.t.JMeterThread: Thread finished: client-to-application (POST) 1-38
2022-11-27 13:10:07,426 INFO o.a.j.t.JMeterThread: Thread is done: client-to-application (POST) 1-17
2022-11-27 13:10:07,435 INFO o.a.j.t.JMeterThread: Thread finished: client-to-application (POST) 1-17
2022-11-27 13:10:07,459 INFO o.a.j.t.JMeterThread: Thread is done: client-to-application (POST) 1-13
2022-11-27 13:10:07,459 INFO o.a.j.t.JMeterThread: Thread finished: client-to-application (POST) 1-13
2022-11-27 13:10:07,492 INFO o.a.j.t.JMeterThread: Thread is done: client-to-application (POST) 1-15
2022-11-27 13:10:07,493 INFO o.a.j.t.JMeterThread: Thread finished: client-to-application (POST) 1-15
2022-11-27 13:10:07,518 INFO o.a.j.t.JMeterThread: Thread is done: client-to-application (POST) 1-25
2022-11-27 13:10:07,518 INFO o.a.j.t.JMeterThread: Thread finished: client-to-application (POST) 1-25
2022-11-27 13:10:07,536 INFO o.a.j.t.JMeterThread: Thread is done: client-to-application (POST) 1-30
2022-11-27 13:10:07,536 INFO o.a.j.t.JMeterThread: Thread finished: client-to-application (POST) 1-30
2022-11-27 13:10:07,543 INFO o.a.j.t.JMeterThread: Thread is done: client-to-application (POST) 1-20
2022-11-27 13:10:07,543 INFO o.a.j.t.JMeterThread: Thread finished: client-to-application (POST) 1-20
2022-11-27 13:10:07,547 INFO o.a.j.t.JMeterThread: Thread is done: client-to-application (POST) 1-1
2022-11-27 13:10:07,547 INFO o.a.j.t.JMeterThread: Thread finished: client-to-application (POST) 1-1
2022-11-27 13:10:07,550 INFO o.a.j.t.JMeterThread: Thread is done: client-to-application (POST) 1-8
2022-11-27 13:10:07,551 INFO o.a.j.t.JMeterThread: Thread finished: client-to-application (POST) 1-8
2022-11-27 13:10:07,567 INFO o.a.j.t.JMeterThread: Thread is done: client-to-application (POST) 1-22
2022-11-27 13:10:07,567 INFO o.a.j.t.JMeterThread: Thread finished: client-to-application (POST) 1-22
2022-11-27 13:10:07,591 INFO o.a.j.t.JMeterThread: Thread is done: client-to-application (POST) 1-35
2022-11-27 13:10:07,591 INFO o.a.j.t.JMeterThread: Thread finished: client-to-application (POST) 1-35
2022-11-27 13:10:07,599 INFO o.a.j.t.JMeterThread: Thread is done: client-to-application (POST) 1-19
2022-11-27 13:10:07,599 INFO o.a.j.t.JMeterThread: Thread finished: client-to-application (POST) 1-19
2022-11-27 13:10:07,618 INFO o.a.j.t.JMeterThread: Thread is done: client-to-application (POST) 1-23
2022-11-27 13:10:07,618 INFO o.a.j.t.JMeterThread: Thread finished: client-to-application (POST) 1-23
2022-11-27 13:10:07,642 INFO o.a.j.t.JMeterThread: Thread is done: client-to-application (POST) 1-5
2022-11-27 13:10:07,642 INFO o.a.j.t.JMeterThread: Thread finished: client-to-application (POST) 1-5
2022-11-27 13:10:07,658 INFO o.a.j.t.JMeterThread: Thread is done: client-to-application (POST) 1-42
2022-11-27 13:10:07,658 INFO o.a.j.t.JMeterThread: Thread finished: client-to-application (POST) 1-42
2022-11-27 13:10:07,662 INFO o.a.j.t.JMeterThread: Thread is done: client-to-application (POST) 1-29
2022-11-27 13:10:07,662 INFO o.a.j.t.JMeterThread: Thread finished: client-to-application (POST) 1-29
2022-11-27 13:10:07,710 INFO o.a.j.t.JMeterThread: Thread is done: client-to-application (POST) 1-16
2022-11-27 13:10:07,710 INFO o.a.j.t.JMeterThread: Thread finished: client-to-application (POST) 1-16
2022-11-27 13:10:07,714 INFO o.a.j.t.JMeterThread: Thread is done: client-to-application (POST) 1-49
2022-11-27 13:10:07,730 INFO o.a.j.t.JMeterThread: Thread finished: client-to-application (POST) 1-49
2022-11-27 13:10:07,731 INFO o.a.j.t.JMeterThread: Thread is done: client-to-application (POST) 1-18
2022-11-27 13:10:07,731 INFO o.a.j.t.JMeterThread: Thread finished: client-to-application (POST) 1-18
2022-11-27 13:10:07,738 INFO o.a.j.t.JMeterThread: Thread is done: client-to-application (POST) 1-47
2022-11-27 13:10:07,738 INFO o.a.j.t.JMeterThread: Thread finished: client-to-application (POST) 1-47
2022-11-27 13:10:07,744 INFO o.a.j.t.JMeterThread: Thread is done: client-to-application (POST) 1-24
2022-11-27 13:10:07,745 INFO o.a.j.t.JMeterThread: Thread finished: client-to-application (POST) 1-24
2022-11-27 13:10:07,751 INFO o.a.j.t.JMeterThread: Thread is done: client-to-application (POST) 1-34
2022-11-27 13:10:07,767 INFO o.a.j.t.JMeterThread: Thread finished: client-to-application (POST) 1-34
2022-11-27 13:10:07,770 INFO o.a.j.t.JMeterThread: Thread is done: client-to-application (POST) 1-46
2022-11-27 13:10:07,770 INFO o.a.j.t.JMeterThread: Thread finished: client-to-application (POST) 1-46
2022-11-27 13:10:07,771 INFO o.a.j.t.JMeterThread: Thread is done: client-to-application (POST) 1-44
2022-11-27 13:10:07,771 INFO o.a.j.t.JMeterThread: Thread finished: client-to-application (POST) 1-44
2022-11-27 13:10:07,783 INFO o.a.j.t.JMeterThread: Thread is done: client-to-application (POST) 1-26
2022-11-27 13:10:07,783 INFO o.a.j.t.JMeterThread: Thread finished: client-to-application (POST) 1-26
2022-11-27 13:10:07,787 INFO o.a.j.t.JMeterThread: Thread is done: client-to-application (POST) 1-14
2022-11-27 13:10:07,787 INFO o.a.j.t.JMeterThread: Thread finished: client-to-application (POST) 1-14
2022-11-27 13:10:07,799 INFO o.a.j.t.JMeterThread: Thread is done: client-to-application (POST) 1-9
2022-11-27 13:10:07,799 INFO o.a.j.t.JMeterThread: Thread finished: client-to-application (POST) 1-9
2022-11-27 13:10:07,807 INFO o.a.j.t.JMeterThread: Thread is done: client-to-application (POST) 1-39
2022-11-27 13:10:07,807 INFO o.a.j.t.JMeterThread: Thread finished: client-to-application (POST) 1-39
2022-11-27 13:10:07,809 INFO o.a.j.t.JMeterThread: Thread is done: client-to-application (POST) 1-2
2022-11-27 13:10:07,809 INFO o.a.j.t.JMeterThread: Thread finished: client-to-application (POST) 1-2
2022-11-27 13:10:07,802 INFO o.a.j.t.JMeterThread: Thread is done: client-to-application (POST) 1-41
2022-11-27 13:10:07,811 INFO o.a.j.t.JMeterThread: Thread finished: client-to-application (POST) 1-41
2022-11-27 13:10:07,842 INFO o.a.j.t.JMeterThread: Thread is done: client-to-application (POST) 1-43
2022-11-27 13:10:07,842 INFO o.a.j.t.JMeterThread: Thread finished: client-to-application (POST) 1-43
2022-11-27 13:10:07,845 INFO o.a.j.t.JMeterThread: Thread is done: client-to-application (POST) 1-32
2022-11-27 13:10:07,846 INFO o.a.j.t.JMeterThread: Thread finished: client-to-application (POST) 1-32
2022-11-27 13:10:07,866 INFO o.a.j.t.JMeterThread: Thread is done: client-to-application (POST) 1-31
2022-11-27 13:10:07,866 INFO o.a.j.t.JMeterThread: Thread finished: client-to-application (POST) 1-31
2022-11-27 13:10:07,870 INFO o.a.j.t.JMeterThread: Thread is done: client-to-application (POST) 1-10
2022-11-27 13:10:07,870 INFO o.a.j.t.JMeterThread: Thread finished: client-to-application (POST) 1-10
2022-11-27 13:10:07,876 INFO o.a.j.t.JMeterThread: Thread is done: client-to-application (POST) 1-6
2022-11-27 13:10:07,876 INFO o.a.j.t.JMeterThread: Thread finished: client-to-application (POST) 1-6
2022-11-27 13:10:07,902 INFO o.a.j.t.JMeterThread: Thread is done: client-to-application (POST) 1-7
2022-11-27 13:10:07,902 INFO o.a.j.t.JMeterThread: Thread finished: client-to-application (POST) 1-7
2022-11-27 13:10:07,906 INFO o.a.j.t.JMeterThread: Thread is done: client-to-application (POST) 1-50
2022-11-27 13:10:07,906 INFO o.a.j.t.JMeterThread: Thread finished: client-to-application (POST) 1-50
2022-11-27 13:10:07,928 INFO o.a.j.t.JMeterThread: Thread is done: client-to-application (POST) 1-27
2022-11-27 13:10:07,929 INFO o.a.j.t.JMeterThread: Thread finished: client-to-application (POST) 1-27
2022-11-27 13:10:07,931 INFO o.a.j.t.JMeterThread: Thread is done: client-to-application (POST) 1-40
2022-11-27 13:10:07,931 INFO o.a.j.t.JMeterThread: Thread finished: client-to-application (POST) 1-40
2022-11-27 13:10:07,932 INFO o.a.j.t.JMeterThread: Thread is done: client-to-application (POST) 1-37
2022-11-27 13:10:07,932 INFO o.a.j.t.JMeterThread: Thread finished: client-to-application (POST) 1-37
2022-11-27 13:10:07,935 INFO o.a.j.t.JMeterThread: Thread is done: client-to-application (POST) 1-33
2022-11-27 13:10:07,935 INFO o.a.j.t.JMeterThread: Thread finished: client-to-application (POST) 1-33
2022-11-27 13:10:07,974 INFO o.a.j.t.JMeterThread: Thread is done: client-to-application (POST) 1-48
2022-11-27 13:10:07,974 INFO o.a.j.t.JMeterThread: Thread finished: client-to-application (POST) 1-48
2022-11-27 13:10:07,992 INFO o.a.j.t.JMeterThread: Thread is done: client-to-application (POST) 1-45
2022-11-27 13:10:07,992 INFO o.a.j.t.JMeterThread: Thread finished: client-to-application (POST) 1-45
2022-11-27 13:10:07,992 INFO o.a.j.e.StandardJMeterEngine: Starting ThreadGroup: 2 : client-to-gateway-non-caching (POST)
2022-11-27 13:10:07,992 INFO o.a.j.e.StandardJMeterEngine: Starting 50 threads for group client-to-gateway-non-caching (POST).
2022-11-27 13:10:07,992 INFO o.a.j.e.StandardJMeterEngine: Thread will continue on error
2022-11-27 13:10:07,992 INFO o.a.j.t.ThreadGroup: Starting thread group... number=2 threads=50 ramp-up=1 delayedStart=false
2022-11-27 13:10:07,993 INFO o.a.j.t.JMeterThread: Thread started: client-to-gateway-non-caching (POST) 2-1
2022-11-27 13:10:08,005 INFO o.a.j.t.ThreadGroup: Started thread group number 2
2022-11-27 13:10:08,005 INFO o.a.j.e.StandardJMeterEngine: Waiting for thread group: client-to-gateway-non-caching (POST) to finish before starting next group
2022-11-27 13:10:08,013 INFO o.a.j.t.JMeterThread: Thread started: client-to-gateway-non-caching (POST) 2-2
2022-11-27 13:10:08,033 INFO o.a.j.t.JMeterThread: Thread started: client-to-gateway-non-caching (POST) 2-3
2022-11-27 13:10:08,052 INFO o.a.j.t.JMeterThread: Thread started: client-to-gateway-non-caching (POST) 2-4
2022-11-27 13:10:08,073 INFO o.a.j.t.JMeterThread: Thread started: client-to-gateway-non-caching (POST) 2-5
2022-11-27 13:10:08,093 INFO o.a.j.t.JMeterThread: Thread started: client-to-gateway-non-caching (POST) 2-6
2022-11-27 13:10:08,112 INFO o.a.j.t.JMeterThread: Thread started: client-to-gateway-non-caching (POST) 2-7
2022-11-27 13:10:08,132 INFO o.a.j.t.JMeterThread: Thread started: client-to-gateway-non-caching (POST) 2-8
2022-11-27 13:10:08,153 INFO o.a.j.t.JMeterThread: Thread started: client-to-gateway-non-caching (POST) 2-9
2022-11-27 13:10:08,173 INFO o.a.j.t.JMeterThread: Thread started: client-to-gateway-non-caching (POST) 2-10
2022-11-27 13:10:08,192 INFO o.a.j.t.JMeterThread: Thread started: client-to-gateway-non-caching (POST) 2-11
2022-11-27 13:10:08,213 INFO o.a.j.t.JMeterThread: Thread started: client-to-gateway-non-caching (POST) 2-12
2022-11-27 13:10:08,233 INFO o.a.j.t.JMeterThread: Thread started: client-to-gateway-non-caching (POST) 2-13
2022-11-27 13:10:08,253 INFO o.a.j.t.JMeterThread: Thread started: client-to-gateway-non-caching (POST) 2-14
2022-11-27 13:10:08,272 INFO o.a.j.t.JMeterThread: Thread started: client-to-gateway-non-caching (POST) 2-15
2022-11-27 13:10:08,292 INFO o.a.j.t.JMeterThread: Thread started: client-to-gateway-non-caching (POST) 2-16
2022-11-27 13:10:08,313 INFO o.a.j.t.JMeterThread: Thread started: client-to-gateway-non-caching (POST) 2-17
2022-11-27 13:10:08,333 INFO o.a.j.t.JMeterThread: Thread started: client-to-gateway-non-caching (POST) 2-18
2022-11-27 13:10:08,353 INFO o.a.j.t.JMeterThread: Thread started: client-to-gateway-non-caching (POST) 2-19
2022-11-27 13:10:08,372 INFO o.a.j.t.JMeterThread: Thread started: client-to-gateway-non-caching (POST) 2-20
2022-11-27 13:10:08,393 INFO o.a.j.t.JMeterThread: Thread started: client-to-gateway-non-caching (POST) 2-21
2022-11-27 13:10:08,413 INFO o.a.j.t.JMeterThread: Thread started: client-to-gateway-non-caching (POST) 2-22
2022-11-27 13:10:08,433 INFO o.a.j.t.JMeterThread: Thread started: client-to-gateway-non-caching (POST) 2-23
2022-11-27 13:10:08,452 INFO o.a.j.t.JMeterThread: Thread started: client-to-gateway-non-caching (POST) 2-24
2022-11-27 13:10:08,473 INFO o.a.j.t.JMeterThread: Thread started: client-to-gateway-non-caching (POST) 2-25
2022-11-27 13:10:08,493 INFO o.a.j.t.JMeterThread: Thread started: client-to-gateway-non-caching (POST) 2-26
2022-11-27 13:10:08,513 INFO o.a.j.t.JMeterThread: Thread started: client-to-gateway-non-caching (POST) 2-27
2022-11-27 13:10:08,532 INFO o.a.j.t.JMeterThread: Thread started: client-to-gateway-non-caching (POST) 2-28
2022-11-27 13:10:08,552 INFO o.a.j.t.JMeterThread: Thread started: client-to-gateway-non-caching (POST) 2-29
2022-11-27 13:10:08,573 INFO o.a.j.t.JMeterThread: Thread started: client-to-gateway-non-caching (POST) 2-30
2022-11-27 13:10:08,593 INFO o.a.j.t.JMeterThread: Thread started: client-to-gateway-non-caching (POST) 2-31
2022-11-27 13:10:08,613 INFO o.a.j.t.JMeterThread: Thread started: client-to-gateway-non-caching (POST) 2-32
2022-11-27 13:10:08,632 INFO o.a.j.t.JMeterThread: Thread started: client-to-gateway-non-caching (POST) 2-33
2022-11-27 13:10:08,653 INFO o.a.j.t.JMeterThread: Thread started: client-to-gateway-non-caching (POST) 2-34
2022-11-27 13:10:08,673 INFO o.a.j.t.JMeterThread: Thread started: client-to-gateway-non-caching (POST) 2-35
2022-11-27 13:10:08,692 INFO o.a.j.t.JMeterThread: Thread started: client-to-gateway-non-caching (POST) 2-36
2022-11-27 13:10:08,712 INFO o.a.j.t.JMeterThread: Thread started: client-to-gateway-non-caching (POST) 2-37
2022-11-27 13:10:08,732 INFO o.a.j.t.JMeterThread: Thread started: client-to-gateway-non-caching (POST) 2-38
2022-11-27 13:10:08,753 INFO o.a.j.t.JMeterThread: Thread started: client-to-gateway-non-caching (POST) 2-39
2022-11-27 13:10:08,773 INFO o.a.j.t.JMeterThread: Thread started: client-to-gateway-non-caching (POST) 2-40
2022-11-27 13:10:08,792 INFO o.a.j.t.JMeterThread: Thread started: client-to-gateway-non-caching (POST) 2-41
2022-11-27 13:10:08,812 INFO o.a.j.t.JMeterThread: Thread started: client-to-gateway-non-caching (POST) 2-42
2022-11-27 13:10:08,833 INFO o.a.j.t.JMeterThread: Thread started: client-to-gateway-non-caching (POST) 2-43
2022-11-27 13:10:08,853 INFO o.a.j.t.JMeterThread: Thread started: client-to-gateway-non-caching (POST) 2-44
2022-11-27 13:10:08,872 INFO o.a.j.t.JMeterThread: Thread started: client-to-gateway-non-caching (POST) 2-45
2022-11-27 13:10:08,892 INFO o.a.j.t.JMeterThread: Thread started: client-to-gateway-non-caching (POST) 2-46
2022-11-27 13:10:08,913 INFO o.a.j.t.JMeterThread: Thread started: client-to-gateway-non-caching (POST) 2-47
2022-11-27 13:10:08,933 INFO o.a.j.t.JMeterThread: Thread started: client-to-gateway-non-caching (POST) 2-48
2022-11-27 13:10:08,952 INFO o.a.j.t.JMeterThread: Thread started: client-to-gateway-non-caching (POST) 2-49
2022-11-27 13:10:08,972 INFO o.a.j.t.JMeterThread: Thread started: client-to-gateway-non-caching (POST) 2-50
2022-11-27 13:10:30,001 INFO o.a.j.r.Summariser: summary +  29028 in 00:00:30 =  967.6/s Avg:    48 Min:     3 Max:   235 Err:  8691 (29.94%) Active: 50 Started: 100 Finished: 50
2022-11-27 13:10:30,002 INFO o.a.j.r.Summariser: summary =  70337 in 00:01:09 = 1014.5/s Avg:    46 Min:     3 Max:   268 Err: 21768 (30.95%)
2022-11-27 13:10:56,770 INFO o.a.j.t.JMeterThread: Thread is done: client-to-gateway-non-caching (POST) 2-3
2022-11-27 13:10:56,770 INFO o.a.j.t.JMeterThread: Thread finished: client-to-gateway-non-caching (POST) 2-3
2022-11-27 13:10:56,973 INFO o.a.j.t.JMeterThread: Thread is done: client-to-gateway-non-caching (POST) 2-1
2022-11-27 13:10:56,973 INFO o.a.j.t.JMeterThread: Thread finished: client-to-gateway-non-caching (POST) 2-1
2022-11-27 13:10:57,088 INFO o.a.j.t.JMeterThread: Thread is done: client-to-gateway-non-caching (POST) 2-2
2022-11-27 13:10:57,088 INFO o.a.j.t.JMeterThread: Thread finished: client-to-gateway-non-caching (POST) 2-2
2022-11-27 13:10:57,245 INFO o.a.j.t.JMeterThread: Thread is done: client-to-gateway-non-caching (POST) 2-4
2022-11-27 13:10:57,246 INFO o.a.j.t.JMeterThread: Thread finished: client-to-gateway-non-caching (POST) 2-4
2022-11-27 13:10:57,334 INFO o.a.j.t.JMeterThread: Thread is done: client-to-gateway-non-caching (POST) 2-18
2022-11-27 13:10:57,343 INFO o.a.j.t.JMeterThread: Thread finished: client-to-gateway-non-caching (POST) 2-18
2022-11-27 13:10:57,379 INFO o.a.j.t.JMeterThread: Thread is done: client-to-gateway-non-caching (POST) 2-10
2022-11-27 13:10:57,379 INFO o.a.j.t.JMeterThread: Thread finished: client-to-gateway-non-caching (POST) 2-10
2022-11-27 13:10:57,404 INFO o.a.j.t.JMeterThread: Thread is done: client-to-gateway-non-caching (POST) 2-15
2022-11-27 13:10:57,405 INFO o.a.j.t.JMeterThread: Thread finished: client-to-gateway-non-caching (POST) 2-15
2022-11-27 13:10:57,557 INFO o.a.j.t.JMeterThread: Thread is done: client-to-gateway-non-caching (POST) 2-12
2022-11-27 13:10:57,557 INFO o.a.j.t.JMeterThread: Thread finished: client-to-gateway-non-caching (POST) 2-12
2022-11-27 13:10:57,642 INFO o.a.j.t.JMeterThread: Thread is done: client-to-gateway-non-caching (POST) 2-9
2022-11-27 13:10:57,642 INFO o.a.j.t.JMeterThread: Thread finished: client-to-gateway-non-caching (POST) 2-9
2022-11-27 13:10:57,879 INFO o.a.j.t.JMeterThread: Thread is done: client-to-gateway-non-caching (POST) 2-25
2022-11-27 13:10:57,903 INFO o.a.j.t.JMeterThread: Thread finished: client-to-gateway-non-caching (POST) 2-25
2022-11-27 13:10:57,930 INFO o.a.j.t.JMeterThread: Thread is done: client-to-gateway-non-caching (POST) 2-16
2022-11-27 13:10:57,930 INFO o.a.j.t.JMeterThread: Thread finished: client-to-gateway-non-caching (POST) 2-16
2022-11-27 13:10:57,941 INFO o.a.j.t.JMeterThread: Thread is done: client-to-gateway-non-caching (POST) 2-21
2022-11-27 13:10:57,991 INFO o.a.j.t.JMeterThread: Thread finished: client-to-gateway-non-caching (POST) 2-21
2022-11-27 13:10:57,992 INFO o.a.j.t.JMeterThread: Thread is done: client-to-gateway-non-caching (POST) 2-7
2022-11-27 13:10:57,992 INFO o.a.j.t.JMeterThread: Thread finished: client-to-gateway-non-caching (POST) 2-7
2022-11-27 13:10:57,966 INFO o.a.j.t.JMeterThread: Thread is done: client-to-gateway-non-caching (POST) 2-22
2022-11-27 13:10:57,950 INFO o.a.j.t.JMeterThread: Thread is done: client-to-gateway-non-caching (POST) 2-11
2022-11-27 13:10:58,051 INFO o.a.j.t.JMeterThread: Thread finished: client-to-gateway-non-caching (POST) 2-11
2022-11-27 13:10:58,051 INFO o.a.j.t.JMeterThread: Thread finished: client-to-gateway-non-caching (POST) 2-22
2022-11-27 13:10:58,085 INFO o.a.j.t.JMeterThread: Thread is done: client-to-gateway-non-caching (POST) 2-14
2022-11-27 13:10:58,085 INFO o.a.j.t.JMeterThread: Thread finished: client-to-gateway-non-caching (POST) 2-14
2022-11-27 13:10:58,094 INFO o.a.j.t.JMeterThread: Thread is done: client-to-gateway-non-caching (POST) 2-29
2022-11-27 13:10:58,094 INFO o.a.j.t.JMeterThread: Thread finished: client-to-gateway-non-caching (POST) 2-29
2022-11-27 13:10:58,119 INFO o.a.j.t.JMeterThread: Thread is done: client-to-gateway-non-caching (POST) 2-47
2022-11-27 13:10:58,119 INFO o.a.j.t.JMeterThread: Thread finished: client-to-gateway-non-caching (POST) 2-47
2022-11-27 13:10:58,134 INFO o.a.j.t.JMeterThread: Thread is done: client-to-gateway-non-caching (POST) 2-40
2022-11-27 13:10:58,134 INFO o.a.j.t.JMeterThread: Thread finished: client-to-gateway-non-caching (POST) 2-40
2022-11-27 13:10:58,177 INFO o.a.j.t.JMeterThread: Thread is done: client-to-gateway-non-caching (POST) 2-24
2022-11-27 13:10:58,177 INFO o.a.j.t.JMeterThread: Thread finished: client-to-gateway-non-caching (POST) 2-24
2022-11-27 13:10:58,190 INFO o.a.j.t.JMeterThread: Thread is done: client-to-gateway-non-caching (POST) 2-20
2022-11-27 13:10:58,190 INFO o.a.j.t.JMeterThread: Thread finished: client-to-gateway-non-caching (POST) 2-20
2022-11-27 13:10:58,194 INFO o.a.j.t.JMeterThread: Thread is done: client-to-gateway-non-caching (POST) 2-6
2022-11-27 13:10:58,194 INFO o.a.j.t.JMeterThread: Thread finished: client-to-gateway-non-caching (POST) 2-6
2022-11-27 13:10:58,245 INFO o.a.j.t.JMeterThread: Thread is done: client-to-gateway-non-caching (POST) 2-31
2022-11-27 13:10:58,245 INFO o.a.j.t.JMeterThread: Thread finished: client-to-gateway-non-caching (POST) 2-31
2022-11-27 13:10:58,343 INFO o.a.j.t.JMeterThread: Thread is done: client-to-gateway-non-caching (POST) 2-5
2022-11-27 13:10:58,343 INFO o.a.j.t.JMeterThread: Thread finished: client-to-gateway-non-caching (POST) 2-5
2022-11-27 13:10:58,360 INFO o.a.j.t.JMeterThread: Thread is done: client-to-gateway-non-caching (POST) 2-37
2022-11-27 13:10:58,360 INFO o.a.j.t.JMeterThread: Thread finished: client-to-gateway-non-caching (POST) 2-37
2022-11-27 13:10:58,363 INFO o.a.j.t.JMeterThread: Thread is done: client-to-gateway-non-caching (POST) 2-42
2022-11-27 13:10:58,363 INFO o.a.j.t.JMeterThread: Thread finished: client-to-gateway-non-caching (POST) 2-42
2022-11-27 13:10:58,396 INFO o.a.j.t.JMeterThread: Thread is done: client-to-gateway-non-caching (POST) 2-27
2022-11-27 13:10:58,396 INFO o.a.j.t.JMeterThread: Thread finished: client-to-gateway-non-caching (POST) 2-27
2022-11-27 13:10:58,398 INFO o.a.j.t.JMeterThread: Thread is done: client-to-gateway-non-caching (POST) 2-41
2022-11-27 13:10:58,407 INFO o.a.j.t.JMeterThread: Thread finished: client-to-gateway-non-caching (POST) 2-41
2022-11-27 13:10:58,417 INFO o.a.j.t.JMeterThread: Thread is done: client-to-gateway-non-caching (POST) 2-33
2022-11-27 13:10:58,418 INFO o.a.j.t.JMeterThread: Thread finished: client-to-gateway-non-caching (POST) 2-33
2022-11-27 13:10:58,428 INFO o.a.j.t.JMeterThread: Thread is done: client-to-gateway-non-caching (POST) 2-39
2022-11-27 13:10:58,428 INFO o.a.j.t.JMeterThread: Thread finished: client-to-gateway-non-caching (POST) 2-39
2022-11-27 13:10:58,442 INFO o.a.j.t.JMeterThread: Thread is done: client-to-gateway-non-caching (POST) 2-19
2022-11-27 13:10:58,442 INFO o.a.j.t.JMeterThread: Thread finished: client-to-gateway-non-caching (POST) 2-19
2022-11-27 13:10:58,444 INFO o.a.j.t.JMeterThread: Thread is done: client-to-gateway-non-caching (POST) 2-43
2022-11-27 13:10:58,444 INFO o.a.j.t.JMeterThread: Thread finished: client-to-gateway-non-caching (POST) 2-43
2022-11-27 13:10:58,453 INFO o.a.j.t.JMeterThread: Thread is done: client-to-gateway-non-caching (POST) 2-38
2022-11-27 13:10:58,454 INFO o.a.j.t.JMeterThread: Thread finished: client-to-gateway-non-caching (POST) 2-38
2022-11-27 13:10:58,454 INFO o.a.j.t.JMeterThread: Thread is done: client-to-gateway-non-caching (POST) 2-13
2022-11-27 13:10:58,454 INFO o.a.j.t.JMeterThread: Thread finished: client-to-gateway-non-caching (POST) 2-13
2022-11-27 13:10:58,456 INFO o.a.j.t.JMeterThread: Thread is done: client-to-gateway-non-caching (POST) 2-26
2022-11-27 13:10:58,458 INFO o.a.j.t.JMeterThread: Thread finished: client-to-gateway-non-caching (POST) 2-26
2022-11-27 13:10:58,468 INFO o.a.j.t.JMeterThread: Thread is done: client-to-gateway-non-caching (POST) 2-8
2022-11-27 13:10:58,468 INFO o.a.j.t.JMeterThread: Thread finished: client-to-gateway-non-caching (POST) 2-8
2022-11-27 13:10:58,497 INFO o.a.j.t.JMeterThread: Thread is done: client-to-gateway-non-caching (POST) 2-45
2022-11-27 13:10:58,497 INFO o.a.j.t.JMeterThread: Thread finished: client-to-gateway-non-caching (POST) 2-45
2022-11-27 13:10:58,506 INFO o.a.j.t.JMeterThread: Thread is done: client-to-gateway-non-caching (POST) 2-44
2022-11-27 13:10:58,507 INFO o.a.j.t.JMeterThread: Thread finished: client-to-gateway-non-caching (POST) 2-44
2022-11-27 13:10:58,512 INFO o.a.j.t.JMeterThread: Thread is done: client-to-gateway-non-caching (POST) 2-23
2022-11-27 13:10:58,512 INFO o.a.j.t.JMeterThread: Thread finished: client-to-gateway-non-caching (POST) 2-23
2022-11-27 13:10:58,515 INFO o.a.j.t.JMeterThread: Thread is done: client-to-gateway-non-caching (POST) 2-17
2022-11-27 13:10:58,515 INFO o.a.j.t.JMeterThread: Thread finished: client-to-gateway-non-caching (POST) 2-17
2022-11-27 13:10:58,517 INFO o.a.j.t.JMeterThread: Thread is done: client-to-gateway-non-caching (POST) 2-34
2022-11-27 13:10:58,517 INFO o.a.j.t.JMeterThread: Thread finished: client-to-gateway-non-caching (POST) 2-34
2022-11-27 13:10:58,529 INFO o.a.j.t.JMeterThread: Thread is done: client-to-gateway-non-caching (POST) 2-50
2022-11-27 13:10:58,529 INFO o.a.j.t.JMeterThread: Thread finished: client-to-gateway-non-caching (POST) 2-50
2022-11-27 13:10:58,538 INFO o.a.j.t.JMeterThread: Thread is done: client-to-gateway-non-caching (POST) 2-30
2022-11-27 13:10:58,538 INFO o.a.j.t.JMeterThread: Thread finished: client-to-gateway-non-caching (POST) 2-30
2022-11-27 13:10:58,564 INFO o.a.j.t.JMeterThread: Thread is done: client-to-gateway-non-caching (POST) 2-49
2022-11-27 13:10:58,564 INFO o.a.j.t.JMeterThread: Thread finished: client-to-gateway-non-caching (POST) 2-49
2022-11-27 13:10:58,565 INFO o.a.j.t.JMeterThread: Thread is done: client-to-gateway-non-caching (POST) 2-32
2022-11-27 13:10:58,573 INFO o.a.j.t.JMeterThread: Thread is done: client-to-gateway-non-caching (POST) 2-35
2022-11-27 13:10:58,573 INFO o.a.j.t.JMeterThread: Thread finished: client-to-gateway-non-caching (POST) 2-35
2022-11-27 13:10:58,569 INFO o.a.j.t.JMeterThread: Thread finished: client-to-gateway-non-caching (POST) 2-32
2022-11-27 13:10:58,587 INFO o.a.j.t.JMeterThread: Thread is done: client-to-gateway-non-caching (POST) 2-48
2022-11-27 13:10:58,587 INFO o.a.j.t.JMeterThread: Thread finished: client-to-gateway-non-caching (POST) 2-48
2022-11-27 13:10:58,592 INFO o.a.j.t.JMeterThread: Thread is done: client-to-gateway-non-caching (POST) 2-46
2022-11-27 13:10:58,592 INFO o.a.j.t.JMeterThread: Thread finished: client-to-gateway-non-caching (POST) 2-46
2022-11-27 13:10:58,593 INFO o.a.j.t.JMeterThread: Thread is done: client-to-gateway-non-caching (POST) 2-28
2022-11-27 13:10:58,593 INFO o.a.j.t.JMeterThread: Thread finished: client-to-gateway-non-caching (POST) 2-28
2022-11-27 13:10:58,599 INFO o.a.j.t.JMeterThread: Thread is done: client-to-gateway-non-caching (POST) 2-36
2022-11-27 13:10:58,599 INFO o.a.j.t.JMeterThread: Thread finished: client-to-gateway-non-caching (POST) 2-36
2022-11-27 13:10:58,599 INFO o.a.j.e.StandardJMeterEngine: Starting ThreadGroup: 3 : client-to-gateway-caching (POST)
2022-11-27 13:10:58,599 INFO o.a.j.e.StandardJMeterEngine: Starting 50 threads for group client-to-gateway-caching (POST).
2022-11-27 13:10:58,599 INFO o.a.j.e.StandardJMeterEngine: Thread will continue on error
2022-11-27 13:10:58,599 INFO o.a.j.t.ThreadGroup: Starting thread group... number=3 threads=50 ramp-up=1 delayedStart=false
2022-11-27 13:10:58,600 INFO o.a.j.t.JMeterThread: Thread started: client-to-gateway-caching (POST) 3-1
2022-11-27 13:10:58,619 INFO o.a.j.t.JMeterThread: Thread started: client-to-gateway-caching (POST) 3-2
2022-11-27 13:10:58,626 INFO o.a.j.t.ThreadGroup: Started thread group number 3
2022-11-27 13:10:58,626 INFO o.a.j.e.StandardJMeterEngine: All thread groups have been started
2022-11-27 13:10:58,639 INFO o.a.j.t.JMeterThread: Thread started: client-to-gateway-caching (POST) 3-3
2022-11-27 13:10:58,659 INFO o.a.j.t.JMeterThread: Thread started: client-to-gateway-caching (POST) 3-4
2022-11-27 13:10:58,680 INFO o.a.j.t.JMeterThread: Thread started: client-to-gateway-caching (POST) 3-5
2022-11-27 13:10:58,700 INFO o.a.j.t.JMeterThread: Thread started: client-to-gateway-caching (POST) 3-6
2022-11-27 13:10:58,720 INFO o.a.j.t.JMeterThread: Thread started: client-to-gateway-caching (POST) 3-7
2022-11-27 13:10:58,741 INFO o.a.j.t.JMeterThread: Thread started: client-to-gateway-caching (POST) 3-8
2022-11-27 13:10:58,760 INFO o.a.j.t.JMeterThread: Thread started: client-to-gateway-caching (POST) 3-9
2022-11-27 13:10:58,779 INFO o.a.j.t.JMeterThread: Thread started: client-to-gateway-caching (POST) 3-10
2022-11-27 13:10:58,800 INFO o.a.j.t.JMeterThread: Thread started: client-to-gateway-caching (POST) 3-11
2022-11-27 13:10:58,820 INFO o.a.j.t.JMeterThread: Thread started: client-to-gateway-caching (POST) 3-12
2022-11-27 13:10:58,839 INFO o.a.j.t.JMeterThread: Thread started: client-to-gateway-caching (POST) 3-13
2022-11-27 13:10:58,859 INFO o.a.j.t.JMeterThread: Thread started: client-to-gateway-caching (POST) 3-14
2022-11-27 13:10:58,880 INFO o.a.j.t.JMeterThread: Thread started: client-to-gateway-caching (POST) 3-15
2022-11-27 13:10:58,900 INFO o.a.j.t.JMeterThread: Thread started: client-to-gateway-caching (POST) 3-16
2022-11-27 13:10:58,920 INFO o.a.j.t.JMeterThread: Thread started: client-to-gateway-caching (POST) 3-17
2022-11-27 13:10:58,940 INFO o.a.j.t.JMeterThread: Thread started: client-to-gateway-caching (POST) 3-18
2022-11-27 13:10:58,960 INFO o.a.j.t.JMeterThread: Thread started: client-to-gateway-caching (POST) 3-19
2022-11-27 13:10:58,981 INFO o.a.j.t.JMeterThread: Thread started: client-to-gateway-caching (POST) 3-20
2022-11-27 13:10:58,999 INFO o.a.j.t.JMeterThread: Thread started: client-to-gateway-caching (POST) 3-21
2022-11-27 13:10:59,023 INFO o.a.j.t.JMeterThread: Thread started: client-to-gateway-caching (POST) 3-22
2022-11-27 13:10:59,040 INFO o.a.j.t.JMeterThread: Thread started: client-to-gateway-caching (POST) 3-23
2022-11-27 13:10:59,060 INFO o.a.j.t.JMeterThread: Thread started: client-to-gateway-caching (POST) 3-24
2022-11-27 13:10:59,079 INFO o.a.j.t.JMeterThread: Thread started: client-to-gateway-caching (POST) 3-25
2022-11-27 13:10:59,100 INFO o.a.j.t.JMeterThread: Thread started: client-to-gateway-caching (POST) 3-26
2022-11-27 13:10:59,120 INFO o.a.j.t.JMeterThread: Thread started: client-to-gateway-caching (POST) 3-27
2022-11-27 13:10:59,142 INFO o.a.j.t.JMeterThread: Thread started: client-to-gateway-caching (POST) 3-28
2022-11-27 13:10:59,163 INFO o.a.j.t.JMeterThread: Thread started: client-to-gateway-caching (POST) 3-29
2022-11-27 13:10:59,200 INFO o.a.j.t.JMeterThread: Thread started: client-to-gateway-caching (POST) 3-31
2022-11-27 13:10:59,220 INFO o.a.j.t.JMeterThread: Thread started: client-to-gateway-caching (POST) 3-32
2022-11-27 13:10:59,231 INFO o.a.j.t.JMeterThread: Thread started: client-to-gateway-caching (POST) 3-30
2022-11-27 13:10:59,240 INFO o.a.j.t.JMeterThread: Thread started: client-to-gateway-caching (POST) 3-33
2022-11-27 13:10:59,259 INFO o.a.j.t.JMeterThread: Thread started: client-to-gateway-caching (POST) 3-34
2022-11-27 13:10:59,279 INFO o.a.j.t.JMeterThread: Thread started: client-to-gateway-caching (POST) 3-35
2022-11-27 13:10:59,301 INFO o.a.j.t.JMeterThread: Thread started: client-to-gateway-caching (POST) 3-36
2022-11-27 13:10:59,320 INFO o.a.j.t.JMeterThread: Thread started: client-to-gateway-caching (POST) 3-37
2022-11-27 13:10:59,340 INFO o.a.j.t.JMeterThread: Thread started: client-to-gateway-caching (POST) 3-38
2022-11-27 13:10:59,360 INFO o.a.j.t.JMeterThread: Thread started: client-to-gateway-caching (POST) 3-39
2022-11-27 13:10:59,387 INFO o.a.j.t.JMeterThread: Thread started: client-to-gateway-caching (POST) 3-40
2022-11-27 13:10:59,399 INFO o.a.j.t.JMeterThread: Thread started: client-to-gateway-caching (POST) 3-41
2022-11-27 13:10:59,420 INFO o.a.j.t.JMeterThread: Thread started: client-to-gateway-caching (POST) 3-42
2022-11-27 13:10:59,440 INFO o.a.j.t.JMeterThread: Thread started: client-to-gateway-caching (POST) 3-43
2022-11-27 13:10:59,460 INFO o.a.j.t.JMeterThread: Thread started: client-to-gateway-caching (POST) 3-44
2022-11-27 13:10:59,479 INFO o.a.j.t.JMeterThread: Thread started: client-to-gateway-caching (POST) 3-45
2022-11-27 13:10:59,500 INFO o.a.j.t.JMeterThread: Thread started: client-to-gateway-caching (POST) 3-46
2022-11-27 13:10:59,520 INFO o.a.j.t.JMeterThread: Thread started: client-to-gateway-caching (POST) 3-47
2022-11-27 13:10:59,539 INFO o.a.j.t.JMeterThread: Thread started: client-to-gateway-caching (POST) 3-48
2022-11-27 13:10:59,560 INFO o.a.j.t.JMeterThread: Thread started: client-to-gateway-caching (POST) 3-49
2022-11-27 13:10:59,580 INFO o.a.j.t.JMeterThread: Thread started: client-to-gateway-caching (POST) 3-50
2022-11-27 13:11:00,000 INFO o.a.j.r.Summariser: summary +  31126 in 00:00:30 = 1037.6/s Avg:    42 Min:     3 Max:   313 Err: 23231 (74.64%) Active: 50 Started: 150 Finished: 100
2022-11-27 13:11:00,019 INFO o.a.j.r.Summariser: summary = 101463 in 00:01:39 = 1021.5/s Avg:    45 Min:     3 Max:   313 Err: 44999 (44.35%)
2022-11-27 13:11:30,006 INFO o.a.j.r.Summariser: summary +  32677 in 00:00:30 = 1089.1/s Avg:    43 Min:     3 Max:   231 Err: 14033 (42.94%) Active: 50 Started: 150 Finished: 100
2022-11-27 13:11:30,007 INFO o.a.j.r.Summariser: summary = 134140 in 00:02:09 = 1037.2/s Avg:    44 Min:     3 Max:   313 Err: 59032 (44.01%)
2022-11-27 13:11:42,067 INFO o.a.j.t.JMeterThread: Thread is done: client-to-gateway-caching (POST) 3-4
2022-11-27 13:11:42,068 INFO o.a.j.t.JMeterThread: Thread finished: client-to-gateway-caching (POST) 3-4
2022-11-27 13:11:42,233 INFO o.a.j.t.JMeterThread: Thread is done: client-to-gateway-caching (POST) 3-2
2022-11-27 13:11:42,233 INFO o.a.j.t.JMeterThread: Thread finished: client-to-gateway-caching (POST) 3-2
2022-11-27 13:11:42,327 INFO o.a.j.t.JMeterThread: Thread is done: client-to-gateway-caching (POST) 3-3
2022-11-27 13:11:42,327 INFO o.a.j.t.JMeterThread: Thread finished: client-to-gateway-caching (POST) 3-3
2022-11-27 13:11:42,605 INFO o.a.j.t.JMeterThread: Thread is done: client-to-gateway-caching (POST) 3-1
2022-11-27 13:11:42,635 INFO o.a.j.t.JMeterThread: Thread finished: client-to-gateway-caching (POST) 3-1
2022-11-27 13:11:43,146 INFO o.a.j.t.JMeterThread: Thread is done: client-to-gateway-caching (POST) 3-10
2022-11-27 13:11:43,146 INFO o.a.j.t.JMeterThread: Thread finished: client-to-gateway-caching (POST) 3-10
2022-11-27 13:11:43,598 INFO o.a.j.t.JMeterThread: Thread is done: client-to-gateway-caching (POST) 3-6
2022-11-27 13:11:43,598 INFO o.a.j.t.JMeterThread: Thread finished: client-to-gateway-caching (POST) 3-6
2022-11-27 13:11:43,638 INFO o.a.j.t.JMeterThread: Thread is done: client-to-gateway-caching (POST) 3-7
2022-11-27 13:11:43,638 INFO o.a.j.t.JMeterThread: Thread finished: client-to-gateway-caching (POST) 3-7
2022-11-27 13:11:43,862 INFO o.a.j.t.JMeterThread: Thread is done: client-to-gateway-caching (POST) 3-14
2022-11-27 13:11:43,862 INFO o.a.j.t.JMeterThread: Thread finished: client-to-gateway-caching (POST) 3-14
2022-11-27 13:11:43,984 INFO o.a.j.t.JMeterThread: Thread is done: client-to-gateway-caching (POST) 3-12
2022-11-27 13:11:43,984 INFO o.a.j.t.JMeterThread: Thread finished: client-to-gateway-caching (POST) 3-12
2022-11-27 13:11:44,023 INFO o.a.j.t.JMeterThread: Thread is done: client-to-gateway-caching (POST) 3-16
2022-11-27 13:11:44,023 INFO o.a.j.t.JMeterThread: Thread finished: client-to-gateway-caching (POST) 3-16
2022-11-27 13:11:44,050 INFO o.a.j.t.JMeterThread: Thread is done: client-to-gateway-caching (POST) 3-11
2022-11-27 13:11:44,050 INFO o.a.j.t.JMeterThread: Thread finished: client-to-gateway-caching (POST) 3-11
2022-11-27 13:11:44,086 INFO o.a.j.t.JMeterThread: Thread is done: client-to-gateway-caching (POST) 3-17
2022-11-27 13:11:44,086 INFO o.a.j.t.JMeterThread: Thread finished: client-to-gateway-caching (POST) 3-17
2022-11-27 13:11:44,086 INFO o.a.j.t.JMeterThread: Thread is done: client-to-gateway-caching (POST) 3-8
2022-11-27 13:11:44,086 INFO o.a.j.t.JMeterThread: Thread finished: client-to-gateway-caching (POST) 3-8
2022-11-27 13:11:44,127 INFO o.a.j.t.JMeterThread: Thread is done: client-to-gateway-caching (POST) 3-13
2022-11-27 13:11:44,128 INFO o.a.j.t.JMeterThread: Thread finished: client-to-gateway-caching (POST) 3-13
2022-11-27 13:11:44,194 INFO o.a.j.t.JMeterThread: Thread is done: client-to-gateway-caching (POST) 3-42
2022-11-27 13:11:44,194 INFO o.a.j.t.JMeterThread: Thread finished: client-to-gateway-caching (POST) 3-42
2022-11-27 13:11:44,210 INFO o.a.j.t.JMeterThread: Thread is done: client-to-gateway-caching (POST) 3-27
2022-11-27 13:11:44,210 INFO o.a.j.t.JMeterThread: Thread finished: client-to-gateway-caching (POST) 3-27
2022-11-27 13:11:44,282 INFO o.a.j.t.JMeterThread: Thread is done: client-to-gateway-caching (POST) 3-9
2022-11-27 13:11:44,282 INFO o.a.j.t.JMeterThread: Thread finished: client-to-gateway-caching (POST) 3-9
2022-11-27 13:11:44,290 INFO o.a.j.t.JMeterThread: Thread is done: client-to-gateway-caching (POST) 3-5
2022-11-27 13:11:44,290 INFO o.a.j.t.JMeterThread: Thread finished: client-to-gateway-caching (POST) 3-5
2022-11-27 13:11:44,338 INFO o.a.j.t.JMeterThread: Thread is done: client-to-gateway-caching (POST) 3-28
2022-11-27 13:11:44,338 INFO o.a.j.t.JMeterThread: Thread finished: client-to-gateway-caching (POST) 3-28
2022-11-27 13:11:44,342 INFO o.a.j.t.JMeterThread: Thread is done: client-to-gateway-caching (POST) 3-19
2022-11-27 13:11:44,342 INFO o.a.j.t.JMeterThread: Thread finished: client-to-gateway-caching (POST) 3-19
2022-11-27 13:11:44,359 INFO o.a.j.t.JMeterThread: Thread is done: client-to-gateway-caching (POST) 3-47
2022-11-27 13:11:44,359 INFO o.a.j.t.JMeterThread: Thread finished: client-to-gateway-caching (POST) 3-47
2022-11-27 13:11:44,361 INFO o.a.j.t.JMeterThread: Thread is done: client-to-gateway-caching (POST) 3-45
2022-11-27 13:11:44,361 INFO o.a.j.t.JMeterThread: Thread finished: client-to-gateway-caching (POST) 3-45
2022-11-27 13:11:44,378 INFO o.a.j.t.JMeterThread: Thread is done: client-to-gateway-caching (POST) 3-23
2022-11-27 13:11:44,378 INFO o.a.j.t.JMeterThread: Thread finished: client-to-gateway-caching (POST) 3-23
2022-11-27 13:11:44,414 INFO o.a.j.t.JMeterThread: Thread is done: client-to-gateway-caching (POST) 3-21
2022-11-27 13:11:44,414 INFO o.a.j.t.JMeterThread: Thread finished: client-to-gateway-caching (POST) 3-21
2022-11-27 13:11:44,473 INFO o.a.j.t.JMeterThread: Thread is done: client-to-gateway-caching (POST) 3-24
2022-11-27 13:11:44,473 INFO o.a.j.t.JMeterThread: Thread finished: client-to-gateway-caching (POST) 3-24
2022-11-27 13:11:44,480 INFO o.a.j.t.JMeterThread: Thread is done: client-to-gateway-caching (POST) 3-20
2022-11-27 13:11:44,480 INFO o.a.j.t.JMeterThread: Thread finished: client-to-gateway-caching (POST) 3-20
2022-11-27 13:11:44,509 INFO o.a.j.t.JMeterThread: Thread is done: client-to-gateway-caching (POST) 3-15
2022-11-27 13:11:44,509 INFO o.a.j.t.JMeterThread: Thread finished: client-to-gateway-caching (POST) 3-15
2022-11-27 13:11:44,514 INFO o.a.j.t.JMeterThread: Thread is done: client-to-gateway-caching (POST) 3-29
2022-11-27 13:11:44,520 INFO o.a.j.t.JMeterThread: Thread is done: client-to-gateway-caching (POST) 3-33
2022-11-27 13:11:44,527 INFO o.a.j.t.JMeterThread: Thread finished: client-to-gateway-caching (POST) 3-29
2022-11-27 13:11:44,531 INFO o.a.j.t.JMeterThread: Thread finished: client-to-gateway-caching (POST) 3-33
2022-11-27 13:11:44,554 INFO o.a.j.t.JMeterThread: Thread is done: client-to-gateway-caching (POST) 3-38
2022-11-27 13:11:44,564 INFO o.a.j.t.JMeterThread: Thread finished: client-to-gateway-caching (POST) 3-38
2022-11-27 13:11:44,561 INFO o.a.j.t.JMeterThread: Thread is done: client-to-gateway-caching (POST) 3-34
2022-11-27 13:11:44,564 INFO o.a.j.t.JMeterThread: Thread finished: client-to-gateway-caching (POST) 3-34
2022-11-27 13:11:44,601 INFO o.a.j.t.JMeterThread: Thread is done: client-to-gateway-caching (POST) 3-18
2022-11-27 13:11:44,601 INFO o.a.j.t.JMeterThread: Thread finished: client-to-gateway-caching (POST) 3-18
2022-11-27 13:11:44,634 INFO o.a.j.t.JMeterThread: Thread is done: client-to-gateway-caching (POST) 3-50
2022-11-27 13:11:44,634 INFO o.a.j.t.JMeterThread: Thread finished: client-to-gateway-caching (POST) 3-50
2022-11-27 13:11:44,635 INFO o.a.j.t.JMeterThread: Thread is done: client-to-gateway-caching (POST) 3-48
2022-11-27 13:11:44,635 INFO o.a.j.t.JMeterThread: Thread finished: client-to-gateway-caching (POST) 3-48
2022-11-27 13:11:44,647 INFO o.a.j.t.JMeterThread: Thread is done: client-to-gateway-caching (POST) 3-39
2022-11-27 13:11:44,647 INFO o.a.j.t.JMeterThread: Thread finished: client-to-gateway-caching (POST) 3-39
2022-11-27 13:11:44,681 INFO o.a.j.t.JMeterThread: Thread is done: client-to-gateway-caching (POST) 3-49
2022-11-27 13:11:44,681 INFO o.a.j.t.JMeterThread: Thread finished: client-to-gateway-caching (POST) 3-49
2022-11-27 13:11:44,694 INFO o.a.j.t.JMeterThread: Thread is done: client-to-gateway-caching (POST) 3-25
2022-11-27 13:11:44,694 INFO o.a.j.t.JMeterThread: Thread finished: client-to-gateway-caching (POST) 3-25
2022-11-27 13:11:44,695 INFO o.a.j.t.JMeterThread: Thread is done: client-to-gateway-caching (POST) 3-26
2022-11-27 13:11:44,695 INFO o.a.j.t.JMeterThread: Thread finished: client-to-gateway-caching (POST) 3-26
2022-11-27 13:11:44,722 INFO o.a.j.t.JMeterThread: Thread is done: client-to-gateway-caching (POST) 3-22
2022-11-27 13:11:44,722 INFO o.a.j.t.JMeterThread: Thread finished: client-to-gateway-caching (POST) 3-22
2022-11-27 13:11:44,722 INFO o.a.j.t.JMeterThread: Thread is done: client-to-gateway-caching (POST) 3-41
2022-11-27 13:11:44,722 INFO o.a.j.t.JMeterThread: Thread finished: client-to-gateway-caching (POST) 3-41
2022-11-27 13:11:44,723 INFO o.a.j.t.JMeterThread: Thread is done: client-to-gateway-caching (POST) 3-37
2022-11-27 13:11:44,723 INFO o.a.j.t.JMeterThread: Thread finished: client-to-gateway-caching (POST) 3-37
2022-11-27 13:11:44,727 INFO o.a.j.t.JMeterThread: Thread is done: client-to-gateway-caching (POST) 3-30
2022-11-27 13:11:44,727 INFO o.a.j.t.JMeterThread: Thread finished: client-to-gateway-caching (POST) 3-30
2022-11-27 13:11:44,728 INFO o.a.j.t.JMeterThread: Thread is done: client-to-gateway-caching (POST) 3-32
2022-11-27 13:11:44,728 INFO o.a.j.t.JMeterThread: Thread finished: client-to-gateway-caching (POST) 3-32
2022-11-27 13:11:44,730 INFO o.a.j.t.JMeterThread: Thread is done: client-to-gateway-caching (POST) 3-46
2022-11-27 13:11:44,730 INFO o.a.j.t.JMeterThread: Thread finished: client-to-gateway-caching (POST) 3-46
2022-11-27 13:11:44,735 INFO o.a.j.t.JMeterThread: Thread is done: client-to-gateway-caching (POST) 3-35
2022-11-27 13:11:44,735 INFO o.a.j.t.JMeterThread: Thread finished: client-to-gateway-caching (POST) 3-35
2022-11-27 13:11:44,748 INFO o.a.j.t.JMeterThread: Thread is done: client-to-gateway-caching (POST) 3-36
2022-11-27 13:11:44,759 INFO o.a.j.t.JMeterThread: Thread finished: client-to-gateway-caching (POST) 3-36
2022-11-27 13:11:44,762 INFO o.a.j.t.JMeterThread: Thread is done: client-to-gateway-caching (POST) 3-40
2022-11-27 13:11:44,762 INFO o.a.j.t.JMeterThread: Thread finished: client-to-gateway-caching (POST) 3-40
2022-11-27 13:11:44,777 INFO o.a.j.t.JMeterThread: Thread is done: client-to-gateway-caching (POST) 3-31
2022-11-27 13:11:44,777 INFO o.a.j.t.JMeterThread: Thread finished: client-to-gateway-caching (POST) 3-31
2022-11-27 13:11:44,782 INFO o.a.j.t.JMeterThread: Thread is done: client-to-gateway-caching (POST) 3-43
2022-11-27 13:11:44,782 INFO o.a.j.t.JMeterThread: Thread finished: client-to-gateway-caching (POST) 3-43
2022-11-27 13:11:44,799 INFO o.a.j.t.JMeterThread: Thread is done: client-to-gateway-caching (POST) 3-44
2022-11-27 13:11:44,799 INFO o.a.j.t.JMeterThread: Thread finished: client-to-gateway-caching (POST) 3-44
2022-11-27 13:11:44,799 INFO o.a.j.e.StandardJMeterEngine: Notifying test listeners of end of test
2022-11-27 13:11:44,800 INFO o.a.j.r.Summariser: summary +  15860 in 00:00:15 = 1071.8/s Avg:    42 Min:     3 Max:   245 Err:  6272 (39.55%) Active: 0 Started: 150 Finished: 150
2022-11-27 13:11:44,800 INFO o.a.j.r.Summariser: summary = 150000 in 00:02:24 = 1040.7/s Avg:    44 Min:     3 Max:   313 Err: 65304 (43.54%)
2022-11-27 13:11:44,801 INFO o.a.j.JMeter: Generating Dashboard
2022-11-27 13:11:44,801 INFO o.a.j.r.d.ReportGenerator: Flushing result collector before report Generation
2022-11-27 13:11:44,813 INFO o.a.j.r.p.NormalizerSampleConsumer: Using format, 'ms', to parse timeStamp field
2022-11-27 13:11:49,220 INFO o.a.j.r.p.AbstractSampleConsumer: class org.apache.jmeter.report.processor.AggregateConsumer#stopProducing(): beginDate produced 0 samples
2022-11-27 13:11:49,220 INFO o.a.j.r.p.AbstractSampleConsumer: class org.apache.jmeter.report.processor.AggregateConsumer#stopProducing(): endDate produced 0 samples
2022-11-27 13:11:49,222 INFO o.a.j.r.p.AbstractSampleConsumer: class org.apache.jmeter.report.processor.ApdexSummaryConsumer#stopProducing(): apdexSummary produced 0 samples
2022-11-27 13:11:49,223 INFO o.a.j.r.p.AbstractSampleConsumer: class org.apache.jmeter.report.processor.RequestsSummaryConsumer#stopProducing(): requestsSummary produced 0 samples
2022-11-27 13:11:49,244 INFO o.a.j.r.p.AbstractSampleConsumer: class org.apache.jmeter.report.processor.StatisticsSummaryConsumer#stopProducing(): statisticsSummary produced 0 samples
2022-11-27 13:11:49,246 INFO o.a.j.r.p.AbstractSampleConsumer: class org.apache.jmeter.report.processor.Top5ErrorsBySamplerConsumer#stopProducing(): top5ErrorsBySampler produced 0 samples
2022-11-27 13:11:49,246 INFO o.a.j.r.p.AbstractSampleConsumer: class org.apache.jmeter.report.processor.ErrorsSummaryConsumer#stopProducing(): errorsSummary produced 0 samples
2022-11-27 13:11:49,246 INFO o.a.j.r.p.AbstractSampleConsumer: class org.apache.jmeter.report.processor.graph.impl.HitsPerSecondGraphConsumer#stopProducing(): hitsPerSecond produced 0 samples
2022-11-27 13:11:49,920 INFO o.a.j.r.p.AbstractSampleConsumer: class org.apache.jmeter.report.processor.graph.impl.LatencyVSRequestGraphConsumer#stopProducing(): latencyVsRequest produced 0 samples
2022-11-27 13:11:49,926 INFO o.a.j.r.p.AbstractSampleConsumer: class org.apache.jmeter.report.processor.graph.impl.SyntheticResponseTimeDistributionGraphConsumer#stopProducing(): syntheticResponseTimeDistribution produced 0 samples
2022-11-27 13:11:49,926 INFO o.a.j.r.p.AbstractSampleConsumer: class org.apache.jmeter.report.processor.graph.impl.BytesThroughputGraphConsumer#stopProducing(): bytesThroughputOverTime produced 0 samples
2022-11-27 13:11:49,926 INFO o.a.j.r.p.AbstractSampleConsumer: class org.apache.jmeter.report.processor.graph.impl.CodesPerSecondGraphConsumer#stopProducing(): codesPerSecond produced 0 samples
2022-11-27 13:11:50,551 INFO o.a.j.r.p.AbstractSampleConsumer: class org.apache.jmeter.report.processor.graph.impl.ResponseTimeVSRequestGraphConsumer#stopProducing(): responseTimeVsRequest produced 0 samples
2022-11-27 13:11:50,555 INFO o.a.j.r.p.AbstractSampleConsumer: class org.apache.jmeter.report.processor.FilterConsumer#stopProducing(): startIntervalControlerFilter produced 1050000 samples
2022-11-27 13:11:50,555 INFO o.a.j.r.p.AbstractSampleConsumer: class org.apache.jmeter.report.processor.graph.impl.TotalTPSGraphConsumer#stopProducing(): totalTPS produced 0 samples
2022-11-27 13:11:50,555 INFO o.a.j.r.p.AbstractSampleConsumer: class org.apache.jmeter.report.processor.graph.impl.ActiveThreadsGraphConsumer#stopProducing(): activeThreadsOverTime produced 0 samples
2022-11-27 13:11:50,555 INFO o.a.j.r.p.AbstractSampleConsumer: class org.apache.jmeter.report.processor.graph.impl.TimeVSThreadGraphConsumer#stopProducing(): timeVsThreads produced 0 samples
2022-11-27 13:11:50,555 INFO o.a.j.r.p.AbstractSampleConsumer: class org.apache.jmeter.report.processor.graph.impl.ResponseTimeDistributionGraphConsumer#stopProducing(): responseTimeDistribution produced 0 samples
2022-11-27 13:11:50,555 INFO o.a.j.r.p.AbstractSampleConsumer: class org.apache.jmeter.report.processor.graph.impl.TransactionsPerSecondGraphConsumer#stopProducing(): transactionsPerSecond produced 0 samples
2022-11-27 13:11:50,555 INFO o.a.j.r.p.AbstractSampleConsumer: class org.apache.jmeter.report.processor.graph.impl.ResponseTimePercentilesGraphConsumer#stopProducing(): responseTimePercentiles produced 0 samples
2022-11-27 13:11:50,559 INFO o.a.j.r.p.AbstractSampleConsumer: class org.apache.jmeter.report.processor.graph.impl.ResponseTimePercentilesOverTimeGraphConsumer#stopProducing(): responseTimePercentilesOverTime produced 0 samples
2022-11-27 13:11:50,563 INFO o.a.j.r.p.AbstractSampleConsumer: class org.apache.jmeter.report.processor.graph.impl.ResponseTimeOverTimeGraphConsumer#stopProducing(): responseTimesOverTime produced 0 samples
2022-11-27 13:11:50,563 INFO o.a.j.r.p.AbstractSampleConsumer: class org.apache.jmeter.report.processor.graph.impl.ConnectTimeOverTimeGraphConsumer#stopProducing(): connectTimeOverTime produced 0 samples
2022-11-27 13:11:50,563 INFO o.a.j.r.p.AbstractSampleConsumer: class org.apache.jmeter.report.processor.graph.impl.LatencyOverTimeGraphConsumer#stopProducing(): latenciesOverTime produced 0 samples
2022-11-27 13:11:50,563 INFO o.a.j.r.p.AbstractSampleConsumer: class org.apache.jmeter.report.processor.FilterConsumer#stopProducing(): nameFilter produced 2250000 samples
2022-11-27 13:11:50,563 INFO o.a.j.r.p.AbstractSampleConsumer: class org.apache.jmeter.report.processor.FilterConsumer#stopProducing(): dateRangeFilter produced 450000 samples
2022-11-27 13:11:50,563 INFO o.a.j.r.p.AbstractSampleConsumer: class org.apache.jmeter.report.processor.NormalizerSampleConsumer#stopProducing(): normalizer produced 150000 samples
2022-11-27 13:11:50,563 INFO o.a.j.r.p.CsvFileSampleSource: produce(): 150000 samples produced in 5s 724 ms on channel 0
2022-11-27 13:11:50,564 INFO o.a.j.r.d.ReportGenerator: Exporting data using exporter:'json' of className:'org.apache.jmeter.report.dashboard.JsonExporter'
2022-11-27 13:11:50,695 INFO o.a.j.r.d.JsonExporter: Found data for consumer statisticsSummaryin context
2022-11-27 13:11:50,695 INFO o.a.j.r.d.JsonExporter: Creating statistics for overall
2022-11-27 13:11:50,695 INFO o.a.j.r.d.JsonExporter: Creating statistics for other transactions
2022-11-27 13:11:50,696 INFO o.a.j.r.d.JsonExporter: Checking output folder
2022-11-27 13:11:50,696 INFO o.a.j.r.d.JsonExporter: Writing statistics JSON to /home/ubuntu/jmeter-test-result/50-1-1000-device-v2/result/statistics.json
2022-11-27 13:11:50,740 INFO o.a.j.r.d.ReportGenerator: Exporting data using exporter:'html' of className:'org.apache.jmeter.report.dashboard.HtmlTemplateExporter'
2022-11-27 13:11:50,743 INFO o.a.j.r.d.HtmlTemplateExporter: Will generate dashboard in folder: /home/ubuntu/jmeter-test-result/50-1-1000-device-v2/result
2022-11-27 13:11:50,856 INFO o.a.j.r.d.HtmlTemplateExporter: Report will be generated in: /home/ubuntu/jmeter-test-result/50-1-1000-device-v2/result, creating folder structure
2022-11-27 13:11:50,859 INFO o.a.j.r.d.TemplateVisitor: Copying folder from '/opt/jmeter/bin/report-template' to '/home/ubuntu/jmeter-test-result/50-1-1000-device-v2/result', got message: /home/ubuntu/jmeter-test-result/50-1-1000-device-v2/result, found non empty folder with following content [/home/ubuntu/jmeter-test-result/50-1-1000-device-v2/result/statistics.json], will be ignored
2022-11-27 13:11:51,078 INFO o.a.j.JMeter: Dashboard generated
